{"timestamp":"2025-08-23T02:47:49.707282","level":"info","event":"DAG bundles loaded: dags-folder","logger":"airflow.dag_processing.bundles.manager.DagBundlesManager"}
{"timestamp":"2025-08-23T02:47:49.707842","level":"info","event":"Filling up the DagBag from /opt/airflow/dags/sftp_to_postgres_v02.py","logger":"airflow.models.dagbag.DagBag"}
{"timestamp":"2025-08-23T02:47:50.137071Z","level":"info","event":"🎯 Latest month detected: 202508","chan":"stdout","logger":"task"}
{"timestamp":"2025-08-23T02:47:50.145935","level":"info","event":"Connection Retrieved 'sftp_conn'","logger":"airflow.hooks.base"}
{"timestamp":"2025-08-23T02:47:50.146305","level":"warning","event":"No Host Key Verification. This won't protect against Man-In-The-Middle attacks","logger":"airflow.task.hooks.airflow.providers.sftp.hooks.sftp.SFTPHook"}
{"timestamp":"2025-08-23T02:47:50.229077","level":"info","event":"Connected (version 2.0, client 1.82_sshlib)","logger":"paramiko.transport"}
{"timestamp":"2025-08-23T02:47:50.386818","level":"info","event":"Auth banner: b'If you experience issues connecting to ftp2.resftp.com site please contact customer support at 866-440-7449'","logger":"paramiko.transport"}
{"timestamp":"2025-08-23T02:47:50.439648","level":"info","event":"Authentication (password) successful!","logger":"paramiko.transport"}
{"timestamp":"2025-08-23T02:47:50.534351","level":"info","event":"[chan 0] Opened sftp connection (server version 3)","logger":"paramiko.transport.sftp"}
{"timestamp":"2025-08-23T02:48:09.136759","level":"info","event":"[chan 0] sftp session closed.","logger":"paramiko.transport.sftp"}
{"timestamp":"2025-08-23T02:48:09.137662Z","level":"info","event":"✅ Downloaded Marcus&Millichap_0000757_NationwideHomeSalesReport_Delivery_20250801.zip → /tmp/sftp_downloads/Marcus&Millichap_0000757_NationwideHomeSalesReport_Delivery_20250801.zip","chan":"stdout","logger":"task"}
{"timestamp":"2025-08-23T02:48:46.102311Z","level":"info","event":"📌 Creating/loading table: marcus_millichap_0000757_nationwidehomesalesreport_delivery_202","chan":"stdout","logger":"task"}
{"timestamp":"2025-08-23T02:48:46.115596","level":"info","event":"Connection Retrieved 'DBeaver_conn'","logger":"airflow.hooks.base"}
{"timestamp":"2025-08-23T02:49:51.073342Z","level":"info","event":"✅ Bulk uploaded 1396437 rows into marcus_millichap_0000757_nationwidehomesalesreport_delivery_202","chan":"stdout","logger":"task"}
{"timestamp":"2025-08-23T02:49:51.160814","level":"warning","event":"No Host Key Verification. This won't protect against Man-In-The-Middle attacks","logger":"airflow.task.hooks.airflow.providers.sftp.hooks.sftp.SFTPHook"}
{"timestamp":"2025-08-23T02:49:55.323523","level":"info","event":"Connected (version 2.0, client 1.82_sshlib)","logger":"paramiko.transport"}
{"timestamp":"2025-08-23T02:49:55.713535","level":"info","event":"Auth banner: b'If you experience issues connecting to ftp2.resftp.com site please contact customer support at 866-440-7449'","logger":"paramiko.transport"}
{"timestamp":"2025-08-23T02:49:55.763587","level":"info","event":"Authentication (password) successful!","logger":"paramiko.transport"}
{"timestamp":"2025-08-23T02:49:55.882371","level":"info","event":"[chan 0] Opened sftp connection (server version 3)","logger":"paramiko.transport.sftp"}
{"timestamp":"2025-08-23T02:49:57.199253","level":"info","event":"[chan 0] sftp session closed.","logger":"paramiko.transport.sftp"}
{"timestamp":"2025-08-23T02:49:57.204809Z","level":"info","event":"✅ Downloaded MarcusMillichap_0000757_FCL_Activity_Report_20250801.zip → /tmp/sftp_downloads/MarcusMillichap_0000757_FCL_Activity_Report_20250801.zip","chan":"stdout","logger":"task"}
{"timestamp":"2025-08-23T02:50:11.000504Z","level":"info","event":"📌 Creating/loading table: marcusmillichap_0000757_fcl_activity_report_20250801","chan":"stdout","logger":"task"}
{"timestamp":"2025-08-23T02:50:18.324416Z","level":"info","event":"✅ Bulk uploaded 747329 rows into marcusmillichap_0000757_fcl_activity_report_20250801","chan":"stdout","logger":"task"}
{"timestamp":"2025-08-23T02:50:18.416018","level":"info","event":"Done. Returned value was: None","logger":"airflow.task.operators.airflow.providers.standard.decorators.python._PythonDecoratedOperator"}
