{"timestamp":"2025-08-23T02:21:51.885827","level":"info","event":"DAG bundles loaded: dags-folder","logger":"airflow.dag_processing.bundles.manager.DagBundlesManager"}
{"timestamp":"2025-08-23T02:21:51.886347","level":"info","event":"Filling up the DagBag from /opt/airflow/dags/sftp_to_postgres_v02.py","logger":"airflow.models.dagbag.DagBag"}
{"timestamp":"2025-08-23T02:21:52.326648Z","level":"info","event":"🎯 Latest month detected: 202508","chan":"stdout","logger":"task"}
{"timestamp":"2025-08-23T02:21:52.336480","level":"info","event":"Connection Retrieved 'sftp_conn'","logger":"airflow.hooks.base"}
{"timestamp":"2025-08-23T02:21:52.336817","level":"warning","event":"No Host Key Verification. This won't protect against Man-In-The-Middle attacks","logger":"airflow.task.hooks.airflow.providers.sftp.hooks.sftp.SFTPHook"}
{"timestamp":"2025-08-23T02:21:56.406374","level":"info","event":"Connected (version 2.0, client 1.82_sshlib)","logger":"paramiko.transport"}
{"timestamp":"2025-08-23T02:21:56.560494","level":"info","event":"Auth banner: b'If you experience issues connecting to ftp2.resftp.com site please contact customer support at 866-440-7449'","logger":"paramiko.transport"}
{"timestamp":"2025-08-23T02:21:56.610064","level":"info","event":"Authentication (password) successful!","logger":"paramiko.transport"}
{"timestamp":"2025-08-23T02:21:56.703446","level":"info","event":"[chan 0] Opened sftp connection (server version 3)","logger":"paramiko.transport.sftp"}
{"timestamp":"2025-08-23T02:22:05.546541","level":"info","event":"[chan 0] sftp session closed.","logger":"paramiko.transport.sftp"}
{"timestamp":"2025-08-23T02:22:05.547387Z","level":"info","event":"✅ Downloaded Marcus&Millichap_0000757_NationwideHomeSalesReport_Delivery_20250801.zip → /tmp/sftp_downloads/Marcus&Millichap_0000757_NationwideHomeSalesReport_Delivery_20250801.zip","chan":"stdout","logger":"task"}
{"timestamp":"2025-08-23T02:22:47.484178Z","level":"info","event":"📌 Creating/loading table: marcus_millichap_0000757_nationwidehomesalesreport_delivery_20250801","chan":"stdout","logger":"task"}
{"timestamp":"2025-08-23T02:22:47.491764","level":"info","event":"Connection Retrieved 'DBeaver_conn'","logger":"airflow.hooks.base"}
{"timestamp":"2025-08-23T02:24:01.002190Z","level":"info","event":"✅ Bulk uploaded 1396437 rows into marcus_millichap_0000757_nationwidehomesalesreport_delivery_20250801","chan":"stdout","logger":"task"}
{"timestamp":"2025-08-23T02:24:01.103398","level":"warning","event":"No Host Key Verification. This won't protect against Man-In-The-Middle attacks","logger":"airflow.task.hooks.airflow.providers.sftp.hooks.sftp.SFTPHook"}
{"timestamp":"2025-08-23T02:24:05.280361","level":"info","event":"Connected (version 2.0, client 1.82_sshlib)","logger":"paramiko.transport"}
{"timestamp":"2025-08-23T02:24:05.691426","level":"info","event":"Auth banner: b'If you experience issues connecting to ftp2.resftp.com site please contact customer support at 866-440-7449'","logger":"paramiko.transport"}
{"timestamp":"2025-08-23T02:24:05.739274","level":"info","event":"Authentication (password) successful!","logger":"paramiko.transport"}
{"timestamp":"2025-08-23T02:24:05.859317","level":"info","event":"[chan 0] Opened sftp connection (server version 3)","logger":"paramiko.transport.sftp"}
{"timestamp":"2025-08-23T02:24:07.225543","level":"info","event":"[chan 0] sftp session closed.","logger":"paramiko.transport.sftp"}
{"timestamp":"2025-08-23T02:24:07.233772Z","level":"info","event":"✅ Downloaded MarcusMillichap_0000757_FCL_Activity_Report_20250801.zip → /tmp/sftp_downloads/MarcusMillichap_0000757_FCL_Activity_Report_20250801.zip","chan":"stdout","logger":"task"}
{"timestamp":"2025-08-23T02:24:29.518928Z","level":"info","event":"📌 Creating/loading table: marcusmillichap_0000757_fcl_activity_report_20250801","chan":"stdout","logger":"task"}
{"timestamp":"2025-08-23T02:24:40.281030Z","level":"info","event":"✅ Bulk uploaded 747329 rows into marcusmillichap_0000757_fcl_activity_report_20250801","chan":"stdout","logger":"task"}
{"timestamp":"2025-08-23T02:24:40.373197","level":"info","event":"Done. Returned value was: None","logger":"airflow.task.operators.airflow.providers.standard.decorators.python._PythonDecoratedOperator"}
