{"timestamp":"2025-08-25T21:48:38.536580","level":"info","event":"DAG bundles loaded: dags-folder","logger":"airflow.dag_processing.bundles.manager.DagBundlesManager"}
{"timestamp":"2025-08-25T21:48:38.537110","level":"info","event":"Filling up the DagBag from /opt/airflow/dags/sftp_to_postgres_v02.py","logger":"airflow.models.dagbag.DagBag"}
{"timestamp":"2025-08-25T21:48:39.007075Z","level":"info","event":"🎯 Latest month detected: 202508","chan":"stdout","logger":"task"}
{"timestamp":"2025-08-25T21:48:39.016728","level":"info","event":"Connection Retrieved 'sftp_conn'","logger":"airflow.hooks.base"}
{"timestamp":"2025-08-25T21:48:39.017071","level":"warning","event":"No Host Key Verification. This won't protect against Man-In-The-Middle attacks","logger":"airflow.task.hooks.airflow.providers.sftp.hooks.sftp.SFTPHook"}
{"timestamp":"2025-08-25T21:48:39.141454","level":"info","event":"Connected (version 2.0, client 1.82_sshlib)","logger":"paramiko.transport"}
{"timestamp":"2025-08-25T21:48:39.309638","level":"info","event":"Auth banner: b'If you experience issues connecting to ftp2.resftp.com site please contact customer support at 866-440-7449'","logger":"paramiko.transport"}
{"timestamp":"2025-08-25T21:48:39.368325","level":"info","event":"Authentication (password) successful!","logger":"paramiko.transport"}
{"timestamp":"2025-08-25T21:48:39.471061","level":"info","event":"[chan 0] Opened sftp connection (server version 3)","logger":"paramiko.transport.sftp"}
{"timestamp":"2025-08-25T21:48:49.300387","level":"info","event":"[chan 0] sftp session closed.","logger":"paramiko.transport.sftp"}
{"timestamp":"2025-08-25T21:48:49.301167Z","level":"info","event":"✅ Downloaded Marcus&Millichap_0000757_NationwideHomeSalesReport_Delivery_20250801.zip → /tmp/sftp_downloads/Marcus&Millichap_0000757_NationwideHomeSalesReport_Delivery_20250801.zip","chan":"stdout","logger":"task"}
{"timestamp":"2025-08-25T21:49:26.716464Z","level":"info","event":"📌 Creating/loading table: marcus_millichap_0000757_nationwidehomesalesreport_delivery_202","chan":"stdout","logger":"task"}
{"timestamp":"2025-08-25T21:49:26.740095","level":"info","event":"Connection Retrieved 'DBeaver_conn'","logger":"airflow.hooks.base"}
{"timestamp":"2025-08-25T21:50:35.145887Z","level":"info","event":"✅ Bulk uploaded 1396437 rows into marcus_millichap_0000757_nationwidehomesalesreport_delivery_202","chan":"stdout","logger":"task"}
{"timestamp":"2025-08-25T21:50:35.233570","level":"warning","event":"No Host Key Verification. This won't protect against Man-In-The-Middle attacks","logger":"airflow.task.hooks.airflow.providers.sftp.hooks.sftp.SFTPHook"}
{"timestamp":"2025-08-25T21:50:39.416062","level":"info","event":"Connected (version 2.0, client 1.82_sshlib)","logger":"paramiko.transport"}
{"timestamp":"2025-08-25T21:50:39.815610","level":"info","event":"Auth banner: b'If you experience issues connecting to ftp2.resftp.com site please contact customer support at 866-440-7449'","logger":"paramiko.transport"}
{"timestamp":"2025-08-25T21:50:39.870843","level":"info","event":"Authentication (password) successful!","logger":"paramiko.transport"}
{"timestamp":"2025-08-25T21:50:39.998866","level":"info","event":"[chan 0] Opened sftp connection (server version 3)","logger":"paramiko.transport.sftp"}
{"timestamp":"2025-08-25T21:50:41.381140","level":"info","event":"[chan 0] sftp session closed.","logger":"paramiko.transport.sftp"}
{"timestamp":"2025-08-25T21:50:41.385850Z","level":"info","event":"✅ Downloaded MarcusMillichap_0000757_FCL_Activity_Report_20250801.zip → /tmp/sftp_downloads/MarcusMillichap_0000757_FCL_Activity_Report_20250801.zip","chan":"stdout","logger":"task"}
{"timestamp":"2025-08-25T21:50:58.074358Z","level":"info","event":"📌 Creating/loading table: marcusmillichap_0000757_fcl_activity_report_20250801","chan":"stdout","logger":"task"}
{"timestamp":"2025-08-25T21:51:05.842498Z","level":"info","event":"✅ Bulk uploaded 747329 rows into marcusmillichap_0000757_fcl_activity_report_20250801","chan":"stdout","logger":"task"}
{"timestamp":"2025-08-25T21:51:05.937706","level":"info","event":"Done. Returned value was: None","logger":"airflow.task.operators.airflow.providers.standard.decorators.python._PythonDecoratedOperator"}
