{"timestamp":"2025-08-22T18:49:14.269200","level":"info","event":"DAG bundles loaded: dags-folder","logger":"airflow.dag_processing.bundles.manager.DagBundlesManager"}
{"timestamp":"2025-08-22T18:49:14.270118","level":"info","event":"Filling up the DagBag from /opt/airflow/dags/sftp_to_postgres.py","logger":"airflow.models.dagbag.DagBag"}
{"timestamp":"2025-08-22T18:49:15.142682","level":"info","event":"Connection Retrieved 'sftp_conn'","logger":"airflow.hooks.base"}
{"timestamp":"2025-08-22T18:49:15.143233","level":"warning","event":"No Host Key Verification. This won't protect against Man-In-The-Middle attacks","logger":"airflow.task.hooks.airflow.providers.sftp.hooks.sftp.SFTPHook"}
{"timestamp":"2025-08-22T18:49:18.777647","level":"info","event":"Connected (version 2.0, client 1.82_sshlib)","logger":"paramiko.transport"}
{"timestamp":"2025-08-22T18:49:18.983126","level":"info","event":"Auth banner: b'If you experience issues connecting to ftp2.resftp.com site please contact customer support at 866-440-7449'","logger":"paramiko.transport"}
{"timestamp":"2025-08-22T18:49:19.059943","level":"info","event":"Authentication (password) successful!","logger":"paramiko.transport"}
{"timestamp":"2025-08-22T18:49:19.190041","level":"info","event":"[chan 0] Opened sftp connection (server version 3)","logger":"paramiko.transport.sftp"}
{"timestamp":"2025-08-22T18:49:19.346310Z","level":"info","event":"📂 Files in SFTP root directory:","chan":"stdout","logger":"task"}
{"timestamp":"2025-08-22T18:49:19.347178Z","level":"info","event":"   - Marcus&Millichap_0000757_NationwideHomeSalesReport_Delivery_20250401.zip","chan":"stdout","logger":"task"}
{"timestamp":"2025-08-22T18:49:19.347704Z","level":"info","event":"   - Marcus&Millichap_0000757_NationwideHomeSalesReport_Delivery_20250501.zip","chan":"stdout","logger":"task"}
{"timestamp":"2025-08-22T18:49:19.348063Z","level":"info","event":"   - Marcus&Millichap_0000757_NationwideHomeSalesReport_Delivery_20250602.zip","chan":"stdout","logger":"task"}
{"timestamp":"2025-08-22T18:49:19.348425Z","level":"info","event":"   - Marcus&Millichap_0000757_NationwideHomeSalesReport_Delivery_20250701.zip","chan":"stdout","logger":"task"}
{"timestamp":"2025-08-22T18:49:19.348776Z","level":"info","event":"   - Marcus&Millichap_0000757_NationwideHomeSalesReport_Delivery_20250801.zip","chan":"stdout","logger":"task"}
{"timestamp":"2025-08-22T18:49:19.349254Z","level":"info","event":"   - MarcusMillichap_0000757_FCL_Activity_Report_20250401.zip","chan":"stdout","logger":"task"}
{"timestamp":"2025-08-22T18:49:19.349854Z","level":"info","event":"   - MarcusMillichap_0000757_FCL_Activity_Report_20250501.zip","chan":"stdout","logger":"task"}
{"timestamp":"2025-08-22T18:49:19.350174Z","level":"info","event":"   - MarcusMillichap_0000757_FCL_Activity_Report_20250602.zip","chan":"stdout","logger":"task"}
{"timestamp":"2025-08-22T18:49:19.350790Z","level":"info","event":"   - MarcusMillichap_0000757_FCL_Activity_Report_20250701.zip","chan":"stdout","logger":"task"}
{"timestamp":"2025-08-22T18:49:19.351194Z","level":"info","event":"   - MarcusMillichap_0000757_FCL_Activity_Report_20250801.zip","chan":"stdout","logger":"task"}
{"timestamp":"2025-08-22T18:49:19.347595","level":"info","event":"Done. Returned value was: ['Marcus&Millichap_0000757_NationwideHomeSalesReport_Delivery_20250401.zip', 'Marcus&Millichap_0000757_NationwideHomeSalesReport_Delivery_20250501.zip', 'Marcus&Millichap_0000757_NationwideHomeSalesReport_Delivery_20250602.zip', 'Marcus&Millichap_0000757_NationwideHomeSalesReport_Delivery_20250701.zip', 'Marcus&Millichap_0000757_NationwideHomeSalesReport_Delivery_20250801.zip', 'MarcusMillichap_0000757_FCL_Activity_Report_20250401.zip', 'MarcusMillichap_0000757_FCL_Activity_Report_20250501.zip', 'MarcusMillichap_0000757_FCL_Activity_Report_20250602.zip', 'MarcusMillichap_0000757_FCL_Activity_Report_20250701.zip', 'MarcusMillichap_0000757_FCL_Activity_Report_20250801.zip']","logger":"airflow.task.operators.airflow.providers.standard.decorators.python._PythonDecoratedOperator"}
{"timestamp":"2025-08-22T18:49:19.348384","level":"info","event":"Pushing xcom","ti":"RuntimeTaskInstance(id=UUID('0198d31c-e561-75f9-8af1-aaf2e15e2bed'), task_id='list_files_in_root', dag_id='sftp_to_postgres', run_id='manual__2025-08-22T18:49:03.038812+00:00', try_number=1, map_index=-1, hostname='03f97c104ec7', context_carrier={}, task=<Task(_PythonDecoratedOperator): list_files_in_root>, bundle_instance=LocalDagBundle(name=dags-folder), max_tries=1, start_date=datetime.datetime(2025, 8, 22, 18, 49, 13, 931570, tzinfo=datetime.timezone.utc), end_date=None, state=<TaskInstanceState.RUNNING: 'running'>, is_mapped=False, rendered_map_index=None, log_url='http://localhost:8080/dags/sftp_to_postgres/runs/manual__2025-08-22T18%3A49%3A03.038812%2B00%3A00/tasks/list_files_in_root?try_number=1')","logger":"task"}
