{"timestamp":"2025-08-22T01:06:07.750653","level":"info","event":"DAG bundles loaded: dags-folder","logger":"airflow.dag_processing.bundles.manager.DagBundlesManager"}
{"timestamp":"2025-08-22T01:06:07.751732","level":"info","event":"Filling up the DagBag from /opt/airflow/dags/sftp_to_postgres.py","logger":"airflow.models.dagbag.DagBag"}
{"timestamp":"2025-08-22T01:06:07.930087","level":"info","event":"Connection Retrieved 'sftp_conn'","logger":"airflow.hooks.base"}
{"timestamp":"2025-08-22T01:06:07.930329","level":"warning","event":"No Host Key Verification. This won't protect against Man-In-The-Middle attacks","logger":"airflow.task.hooks.airflow.providers.sftp.hooks.sftp.SFTPHook"}
{"timestamp":"2025-08-22T01:06:12.004181","level":"info","event":"Connected (version 2.0, client 1.82_sshlib)","logger":"paramiko.transport"}
{"timestamp":"2025-08-22T01:06:12.164952","level":"info","event":"Auth banner: b'If you experience issues connecting to ftp2.resftp.com site please contact customer support at 866-440-7449'","logger":"paramiko.transport"}
{"timestamp":"2025-08-22T01:06:12.215307","level":"info","event":"Authentication (password) successful!","logger":"paramiko.transport"}
{"timestamp":"2025-08-22T01:06:12.317284","level":"info","event":"[chan 0] Opened sftp connection (server version 3)","logger":"paramiko.transport.sftp"}
{"timestamp":"2025-08-22T01:06:12.447682Z","level":"info","event":"📂 Files in SFTP root directory:","chan":"stdout","logger":"task"}
{"timestamp":"2025-08-22T01:06:12.448097Z","level":"info","event":"   - Marcus&Millichap_0000757_NationwideHomeSalesReport_Delivery_20250401.zip","chan":"stdout","logger":"task"}
{"timestamp":"2025-08-22T01:06:12.448315Z","level":"info","event":"   - Marcus&Millichap_0000757_NationwideHomeSalesReport_Delivery_20250501.zip","chan":"stdout","logger":"task"}
{"timestamp":"2025-08-22T01:06:12.448516Z","level":"info","event":"   - Marcus&Millichap_0000757_NationwideHomeSalesReport_Delivery_20250602.zip","chan":"stdout","logger":"task"}
{"timestamp":"2025-08-22T01:06:12.448732Z","level":"info","event":"   - Marcus&Millichap_0000757_NationwideHomeSalesReport_Delivery_20250701.zip","chan":"stdout","logger":"task"}
{"timestamp":"2025-08-22T01:06:12.448933Z","level":"info","event":"   - Marcus&Millichap_0000757_NationwideHomeSalesReport_Delivery_20250801.zip","chan":"stdout","logger":"task"}
{"timestamp":"2025-08-22T01:06:12.449131Z","level":"info","event":"   - MarcusMillichap_0000757_FCL_Activity_Report_20250401.zip","chan":"stdout","logger":"task"}
{"timestamp":"2025-08-22T01:06:12.449337Z","level":"info","event":"   - MarcusMillichap_0000757_FCL_Activity_Report_20250501.zip","chan":"stdout","logger":"task"}
{"timestamp":"2025-08-22T01:06:12.449553Z","level":"info","event":"   - MarcusMillichap_0000757_FCL_Activity_Report_20250602.zip","chan":"stdout","logger":"task"}
{"timestamp":"2025-08-22T01:06:12.449745Z","level":"info","event":"   - MarcusMillichap_0000757_FCL_Activity_Report_20250701.zip","chan":"stdout","logger":"task"}
{"timestamp":"2025-08-22T01:06:12.449923Z","level":"info","event":"   - MarcusMillichap_0000757_FCL_Activity_Report_20250801.zip","chan":"stdout","logger":"task"}
{"timestamp":"2025-08-22T01:06:12.447818","level":"info","event":"Done. Returned value was: ['Marcus&Millichap_0000757_NationwideHomeSalesReport_Delivery_20250401.zip', 'Marcus&Millichap_0000757_NationwideHomeSalesReport_Delivery_20250501.zip', 'Marcus&Millichap_0000757_NationwideHomeSalesReport_Delivery_20250602.zip', 'Marcus&Millichap_0000757_NationwideHomeSalesReport_Delivery_20250701.zip', 'Marcus&Millichap_0000757_NationwideHomeSalesReport_Delivery_20250801.zip', 'MarcusMillichap_0000757_FCL_Activity_Report_20250401.zip', 'MarcusMillichap_0000757_FCL_Activity_Report_20250501.zip', 'MarcusMillichap_0000757_FCL_Activity_Report_20250602.zip', 'MarcusMillichap_0000757_FCL_Activity_Report_20250701.zip', 'MarcusMillichap_0000757_FCL_Activity_Report_20250801.zip']","logger":"airflow.task.operators.airflow.providers.standard.decorators.python._PythonDecoratedOperator"}
{"timestamp":"2025-08-22T01:06:12.448158","level":"info","event":"Pushing xcom","ti":"RuntimeTaskInstance(id=UUID('0198cf4f-abe7-7ce3-933f-e1b843baa287'), task_id='list_files_in_root', dag_id='sftp_to_postgres', run_id='manual__2025-08-22T01:06:01.817007+00:00', try_number=1, map_index=-1, hostname='9b167ea7f66d', context_carrier={}, task=<Task(_PythonDecoratedOperator): list_files_in_root>, bundle_instance=LocalDagBundle(name=dags-folder), max_tries=1, start_date=datetime.datetime(2025, 8, 22, 1, 6, 7, 561058, tzinfo=datetime.timezone.utc), end_date=None, state=<TaskInstanceState.RUNNING: 'running'>, is_mapped=False, rendered_map_index=None, log_url='http://localhost:8080/dags/sftp_to_postgres/runs/manual__2025-08-22T01%3A06%3A01.817007%2B00%3A00/tasks/list_files_in_root?try_number=1')","logger":"task"}
