{"timestamp":"2025-08-22T19:14:58.851398","level":"info","event":"DAG bundles loaded: dags-folder","logger":"airflow.dag_processing.bundles.manager.DagBundlesManager"}
{"timestamp":"2025-08-22T19:14:58.851871","level":"info","event":"Filling up the DagBag from /opt/airflow/dags/sftp_to_postgres.py","logger":"airflow.models.dagbag.DagBag"}
{"timestamp":"2025-08-22T19:14:59.258740","level":"info","event":"Connection Retrieved 'sftp_conn'","logger":"airflow.hooks.base"}
{"timestamp":"2025-08-22T19:14:59.258972","level":"warning","event":"No Host Key Verification. This won't protect against Man-In-The-Middle attacks","logger":"airflow.task.hooks.airflow.providers.sftp.hooks.sftp.SFTPHook"}
{"timestamp":"2025-08-22T19:15:03.339860","level":"info","event":"Connected (version 2.0, client 1.82_sshlib)","logger":"paramiko.transport"}
{"timestamp":"2025-08-22T19:15:03.508011","level":"info","event":"Auth banner: b'If you experience issues connecting to ftp2.resftp.com site please contact customer support at 866-440-7449'","logger":"paramiko.transport"}
{"timestamp":"2025-08-22T19:15:03.560006","level":"info","event":"Authentication (password) successful!","logger":"paramiko.transport"}
{"timestamp":"2025-08-22T19:15:03.669615","level":"info","event":"[chan 0] Opened sftp connection (server version 3)","logger":"paramiko.transport.sftp"}
{"timestamp":"2025-08-22T19:15:03.817476Z","level":"info","event":"📂 Files in SFTP root directory:","chan":"stdout","logger":"task"}
{"timestamp":"2025-08-22T19:15:03.817926Z","level":"info","event":"   - Marcus&Millichap_0000757_NationwideHomeSalesReport_Delivery_20250401.zip","chan":"stdout","logger":"task"}
{"timestamp":"2025-08-22T19:15:03.818228Z","level":"info","event":"   - Marcus&Millichap_0000757_NationwideHomeSalesReport_Delivery_20250501.zip","chan":"stdout","logger":"task"}
{"timestamp":"2025-08-22T19:15:03.818498Z","level":"info","event":"   - Marcus&Millichap_0000757_NationwideHomeSalesReport_Delivery_20250602.zip","chan":"stdout","logger":"task"}
{"timestamp":"2025-08-22T19:15:03.818767Z","level":"info","event":"   - Marcus&Millichap_0000757_NationwideHomeSalesReport_Delivery_20250701.zip","chan":"stdout","logger":"task"}
{"timestamp":"2025-08-22T19:15:03.818989Z","level":"info","event":"   - Marcus&Millichap_0000757_NationwideHomeSalesReport_Delivery_20250801.zip","chan":"stdout","logger":"task"}
{"timestamp":"2025-08-22T19:15:03.819207Z","level":"info","event":"   - MarcusMillichap_0000757_FCL_Activity_Report_20250401.zip","chan":"stdout","logger":"task"}
{"timestamp":"2025-08-22T19:15:03.819452Z","level":"info","event":"   - MarcusMillichap_0000757_FCL_Activity_Report_20250501.zip","chan":"stdout","logger":"task"}
{"timestamp":"2025-08-22T19:15:03.819726Z","level":"info","event":"   - MarcusMillichap_0000757_FCL_Activity_Report_20250602.zip","chan":"stdout","logger":"task"}
{"timestamp":"2025-08-22T19:15:03.820014Z","level":"info","event":"   - MarcusMillichap_0000757_FCL_Activity_Report_20250701.zip","chan":"stdout","logger":"task"}
{"timestamp":"2025-08-22T19:15:03.820216Z","level":"info","event":"   - MarcusMillichap_0000757_FCL_Activity_Report_20250801.zip","chan":"stdout","logger":"task"}
{"timestamp":"2025-08-22T19:15:03.818063","level":"info","event":"Done. Returned value was: ['Marcus&Millichap_0000757_NationwideHomeSalesReport_Delivery_20250401.zip', 'Marcus&Millichap_0000757_NationwideHomeSalesReport_Delivery_20250501.zip', 'Marcus&Millichap_0000757_NationwideHomeSalesReport_Delivery_20250602.zip', 'Marcus&Millichap_0000757_NationwideHomeSalesReport_Delivery_20250701.zip', 'Marcus&Millichap_0000757_NationwideHomeSalesReport_Delivery_20250801.zip', 'MarcusMillichap_0000757_FCL_Activity_Report_20250401.zip', 'MarcusMillichap_0000757_FCL_Activity_Report_20250501.zip', 'MarcusMillichap_0000757_FCL_Activity_Report_20250602.zip', 'MarcusMillichap_0000757_FCL_Activity_Report_20250701.zip', 'MarcusMillichap_0000757_FCL_Activity_Report_20250801.zip']","logger":"airflow.task.operators.airflow.providers.standard.decorators.python._PythonDecoratedOperator"}
{"timestamp":"2025-08-22T19:15:03.818471","level":"info","event":"Pushing xcom","ti":"RuntimeTaskInstance(id=UUID('0198d334-80dd-75e7-8c53-d6f8ed554283'), task_id='list_files_in_root', dag_id='sftp_to_postgres_v01', run_id='manual__2025-08-22T19:14:50.133046+00:00', try_number=1, map_index=-1, hostname='03f97c104ec7', context_carrier={}, task=<Task(_PythonDecoratedOperator): list_files_in_root>, bundle_instance=LocalDagBundle(name=dags-folder), max_tries=0, start_date=datetime.datetime(2025, 8, 22, 19, 14, 58, 710266, tzinfo=datetime.timezone.utc), end_date=None, state=<TaskInstanceState.RUNNING: 'running'>, is_mapped=False, rendered_map_index=None, log_url='http://localhost:8080/dags/sftp_to_postgres_v01/runs/manual__2025-08-22T19%3A14%3A50.133046%2B00%3A00/tasks/list_files_in_root?try_number=1')","logger":"task"}
