{"timestamp":"2025-08-04T19:08:08.549123","level":"info","event":"Filling up the DagBag from /opt/airflow/dags/another_dag.py","logger":"airflow.models.dagbag.DagBag"}
{"timestamp":"2025-08-04T19:08:08.560440","level":"error","event":"Failed to import: /opt/airflow/dags/another_dag.py","logger":"airflow.models.dagbag.DagBag","error_detail":[{"exc_type":"SyntaxError","exc_value":"invalid syntax. Perhaps you forgot a comma? (another_dag.py, line 12)","exc_notes":[],"syntax_error":{"offset":12,"filename":"/opt/airflow/dags/another_dag.py","line":"    dag_id='our_first_dag'\n","lineno":12,"msg":"invalid syntax. Perhaps you forgot a comma?"},"is_cause":false,"frames":[{"filename":"/home/airflow/.local/lib/python3.12/site-packages/airflow/models/dagbag.py","lineno":394,"name":"parse"},{"filename":"<frozen importlib._bootstrap_external>","lineno":995,"name":"exec_module"},{"filename":"<frozen importlib._bootstrap_external>","lineno":1133,"name":"get_code"},{"filename":"<frozen importlib._bootstrap_external>","lineno":1063,"name":"source_to_code"},{"filename":"<frozen importlib._bootstrap>","lineno":488,"name":"_call_with_frames_removed"}],"is_group":false,"exceptions":[]}]}
{"timestamp":"2025-08-04T19:08:35.348929","level":"info","event":"Filling up the DagBag from /opt/airflow/dags/another_dag.py","logger":"airflow.models.dagbag.DagBag"}
{"timestamp":"2025-08-04T19:08:35.360763","level":"error","event":"Failed to import: /opt/airflow/dags/another_dag.py","logger":"airflow.models.dagbag.DagBag","error_detail":[{"exc_type":"SyntaxError","exc_value":"invalid syntax. Perhaps you forgot a comma? (another_dag.py, line 12)","exc_notes":[],"syntax_error":{"offset":12,"filename":"/opt/airflow/dags/another_dag.py","line":"    dag_id='our_first_dag'\n","lineno":12,"msg":"invalid syntax. Perhaps you forgot a comma?"},"is_cause":false,"frames":[{"filename":"/home/airflow/.local/lib/python3.12/site-packages/airflow/models/dagbag.py","lineno":394,"name":"parse"},{"filename":"<frozen importlib._bootstrap_external>","lineno":995,"name":"exec_module"},{"filename":"<frozen importlib._bootstrap_external>","lineno":1133,"name":"get_code"},{"filename":"<frozen importlib._bootstrap_external>","lineno":1063,"name":"source_to_code"},{"filename":"<frozen importlib._bootstrap>","lineno":488,"name":"_call_with_frames_removed"}],"is_group":false,"exceptions":[]}]}
{"timestamp":"2025-08-04T19:09:06.219394","level":"info","event":"Filling up the DagBag from /opt/airflow/dags/another_dag.py","logger":"airflow.models.dagbag.DagBag"}
{"timestamp":"2025-08-04T19:09:06.229300","level":"error","event":"Failed to import: /opt/airflow/dags/another_dag.py","logger":"airflow.models.dagbag.DagBag","error_detail":[{"exc_type":"SyntaxError","exc_value":"invalid syntax. Perhaps you forgot a comma? (another_dag.py, line 12)","exc_notes":[],"syntax_error":{"offset":12,"filename":"/opt/airflow/dags/another_dag.py","line":"    dag_id='our_first_dag'\n","lineno":12,"msg":"invalid syntax. Perhaps you forgot a comma?"},"is_cause":false,"frames":[{"filename":"/home/airflow/.local/lib/python3.12/site-packages/airflow/models/dagbag.py","lineno":394,"name":"parse"},{"filename":"<frozen importlib._bootstrap_external>","lineno":995,"name":"exec_module"},{"filename":"<frozen importlib._bootstrap_external>","lineno":1133,"name":"get_code"},{"filename":"<frozen importlib._bootstrap_external>","lineno":1063,"name":"source_to_code"},{"filename":"<frozen importlib._bootstrap>","lineno":488,"name":"_call_with_frames_removed"}],"is_group":false,"exceptions":[]}]}
{"timestamp":"2025-08-04T19:09:34.160009","level":"info","event":"Filling up the DagBag from /opt/airflow/dags/another_dag.py","logger":"airflow.models.dagbag.DagBag"}
{"timestamp":"2025-08-04T19:09:34.170626","level":"error","event":"Failed to import: /opt/airflow/dags/another_dag.py","logger":"airflow.models.dagbag.DagBag","error_detail":[{"exc_type":"SyntaxError","exc_value":"invalid syntax. Perhaps you forgot a comma? (another_dag.py, line 12)","exc_notes":[],"syntax_error":{"offset":12,"filename":"/opt/airflow/dags/another_dag.py","line":"    dag_id='another_dag'\n","lineno":12,"msg":"invalid syntax. Perhaps you forgot a comma?"},"is_cause":false,"frames":[{"filename":"/home/airflow/.local/lib/python3.12/site-packages/airflow/models/dagbag.py","lineno":394,"name":"parse"},{"filename":"<frozen importlib._bootstrap_external>","lineno":995,"name":"exec_module"},{"filename":"<frozen importlib._bootstrap_external>","lineno":1133,"name":"get_code"},{"filename":"<frozen importlib._bootstrap_external>","lineno":1063,"name":"source_to_code"},{"filename":"<frozen importlib._bootstrap>","lineno":488,"name":"_call_with_frames_removed"}],"is_group":false,"exceptions":[]}]}
{"timestamp":"2025-08-04T19:09:57.391249","level":"info","event":"Filling up the DagBag from /opt/airflow/dags/another_dag.py","logger":"airflow.models.dagbag.DagBag"}
{"timestamp":"2025-08-04T19:09:57.409084","level":"error","event":"Failed to import: /opt/airflow/dags/another_dag.py","logger":"airflow.models.dagbag.DagBag","error_detail":[{"exc_type":"NameError","exc_value":"name 'timedelta' is not defined","exc_notes":[],"syntax_error":null,"is_cause":false,"frames":[{"filename":"/home/airflow/.local/lib/python3.12/site-packages/airflow/models/dagbag.py","lineno":394,"name":"parse"},{"filename":"<frozen importlib._bootstrap_external>","lineno":999,"name":"exec_module"},{"filename":"<frozen importlib._bootstrap>","lineno":488,"name":"_call_with_frames_removed"},{"filename":"/opt/airflow/dags/another_dag.py","lineno":8,"name":"<module>"}],"is_group":false,"exceptions":[]}]}
{"timestamp":"2025-08-04T19:10:28.295965","level":"info","event":"Filling up the DagBag from /opt/airflow/dags/another_dag.py","logger":"airflow.models.dagbag.DagBag"}
{"timestamp":"2025-08-04T19:10:28.306192","level":"error","event":"Failed to import: /opt/airflow/dags/another_dag.py","logger":"airflow.models.dagbag.DagBag","error_detail":[{"exc_type":"NameError","exc_value":"name 'timedelta' is not defined","exc_notes":[],"syntax_error":null,"is_cause":false,"frames":[{"filename":"/home/airflow/.local/lib/python3.12/site-packages/airflow/models/dagbag.py","lineno":394,"name":"parse"},{"filename":"<frozen importlib._bootstrap_external>","lineno":999,"name":"exec_module"},{"filename":"<frozen importlib._bootstrap>","lineno":488,"name":"_call_with_frames_removed"},{"filename":"/opt/airflow/dags/another_dag.py","lineno":8,"name":"<module>"}],"is_group":false,"exceptions":[]}]}
{"timestamp":"2025-08-04T19:10:53.114949","level":"info","event":"Filling up the DagBag from /opt/airflow/dags/another_dag.py","logger":"airflow.models.dagbag.DagBag"}
{"timestamp":"2025-08-04T19:10:53.134556","level":"error","event":"Failed to import: /opt/airflow/dags/another_dag.py","logger":"airflow.models.dagbag.DagBag","error_detail":[{"exc_type":"TypeError","exc_value":"DAG.__init__() got an unexpected keyword argument 'schedule_interval'","exc_notes":[],"syntax_error":null,"is_cause":false,"frames":[{"filename":"/home/airflow/.local/lib/python3.12/site-packages/airflow/models/dagbag.py","lineno":394,"name":"parse"},{"filename":"<frozen importlib._bootstrap_external>","lineno":999,"name":"exec_module"},{"filename":"<frozen importlib._bootstrap>","lineno":488,"name":"_call_with_frames_removed"},{"filename":"/opt/airflow/dags/another_dag.py","lineno":11,"name":"<module>"}],"is_group":false,"exceptions":[]}]}
{"timestamp":"2025-08-04T19:11:08.923027","level":"info","event":"Filling up the DagBag from /opt/airflow/dags/another_dag.py","logger":"airflow.models.dagbag.DagBag"}
{"timestamp":"2025-08-04T19:11:08.940536","level":"error","event":"Failed to import: /opt/airflow/dags/another_dag.py","logger":"airflow.models.dagbag.DagBag","error_detail":[{"exc_type":"TypeError","exc_value":"DAG.__init__() got an unexpected keyword argument 'scheduler_interval'","exc_notes":[],"syntax_error":null,"is_cause":false,"frames":[{"filename":"/home/airflow/.local/lib/python3.12/site-packages/airflow/models/dagbag.py","lineno":394,"name":"parse"},{"filename":"<frozen importlib._bootstrap_external>","lineno":999,"name":"exec_module"},{"filename":"<frozen importlib._bootstrap>","lineno":488,"name":"_call_with_frames_removed"},{"filename":"/opt/airflow/dags/another_dag.py","lineno":11,"name":"<module>"}],"is_group":false,"exceptions":[]}]}
{"timestamp":"2025-08-04T19:11:39.796601","level":"info","event":"Filling up the DagBag from /opt/airflow/dags/another_dag.py","logger":"airflow.models.dagbag.DagBag"}
{"timestamp":"2025-08-04T19:11:39.810012","level":"error","event":"Failed to import: /opt/airflow/dags/another_dag.py","logger":"airflow.models.dagbag.DagBag","error_detail":[{"exc_type":"TypeError","exc_value":"DAG.__init__() got an unexpected keyword argument 'scheduler_interval'","exc_notes":[],"syntax_error":null,"is_cause":false,"frames":[{"filename":"/home/airflow/.local/lib/python3.12/site-packages/airflow/models/dagbag.py","lineno":394,"name":"parse"},{"filename":"<frozen importlib._bootstrap_external>","lineno":999,"name":"exec_module"},{"filename":"<frozen importlib._bootstrap>","lineno":488,"name":"_call_with_frames_removed"},{"filename":"/opt/airflow/dags/another_dag.py","lineno":11,"name":"<module>"}],"is_group":false,"exceptions":[]}]}
{"timestamp":"2025-08-04T19:11:47.925735","level":"info","event":"Filling up the DagBag from /opt/airflow/dags/another_dag.py","logger":"airflow.models.dagbag.DagBag"}
{"timestamp":"2025-08-04T19:11:47.942129","level":"error","event":"Failed to import: /opt/airflow/dags/another_dag.py","logger":"airflow.models.dagbag.DagBag","error_detail":[{"exc_type":"TypeError","exc_value":"DAG.__init__() got an unexpected keyword argument 'schedule_interval'","exc_notes":[],"syntax_error":null,"is_cause":false,"frames":[{"filename":"/home/airflow/.local/lib/python3.12/site-packages/airflow/models/dagbag.py","lineno":394,"name":"parse"},{"filename":"<frozen importlib._bootstrap_external>","lineno":999,"name":"exec_module"},{"filename":"<frozen importlib._bootstrap>","lineno":488,"name":"_call_with_frames_removed"},{"filename":"/opt/airflow/dags/another_dag.py","lineno":11,"name":"<module>"}],"is_group":false,"exceptions":[]}]}
{"timestamp":"2025-08-04T19:12:18.809278","level":"info","event":"Filling up the DagBag from /opt/airflow/dags/another_dag.py","logger":"airflow.models.dagbag.DagBag"}
{"timestamp":"2025-08-04T19:12:18.819284","level":"error","event":"Failed to import: /opt/airflow/dags/another_dag.py","logger":"airflow.models.dagbag.DagBag","error_detail":[{"exc_type":"TypeError","exc_value":"DAG.__init__() got an unexpected keyword argument 'schedule_interval'","exc_notes":[],"syntax_error":null,"is_cause":false,"frames":[{"filename":"/home/airflow/.local/lib/python3.12/site-packages/airflow/models/dagbag.py","lineno":394,"name":"parse"},{"filename":"<frozen importlib._bootstrap_external>","lineno":999,"name":"exec_module"},{"filename":"<frozen importlib._bootstrap>","lineno":488,"name":"_call_with_frames_removed"},{"filename":"/opt/airflow/dags/another_dag.py","lineno":11,"name":"<module>"}],"is_group":false,"exceptions":[]}]}
{"timestamp":"2025-08-04T19:12:49.662518","level":"info","event":"Filling up the DagBag from /opt/airflow/dags/another_dag.py","logger":"airflow.models.dagbag.DagBag"}
{"timestamp":"2025-08-04T19:12:49.672480","level":"error","event":"Failed to import: /opt/airflow/dags/another_dag.py","logger":"airflow.models.dagbag.DagBag","error_detail":[{"exc_type":"TypeError","exc_value":"DAG.__init__() got an unexpected keyword argument 'schedule_interval'","exc_notes":[],"syntax_error":null,"is_cause":false,"frames":[{"filename":"/home/airflow/.local/lib/python3.12/site-packages/airflow/models/dagbag.py","lineno":394,"name":"parse"},{"filename":"<frozen importlib._bootstrap_external>","lineno":999,"name":"exec_module"},{"filename":"<frozen importlib._bootstrap>","lineno":488,"name":"_call_with_frames_removed"},{"filename":"/opt/airflow/dags/another_dag.py","lineno":11,"name":"<module>"}],"is_group":false,"exceptions":[]}]}
{"timestamp":"2025-08-04T19:13:05.846800","level":"info","event":"Filling up the DagBag from /opt/airflow/dags/another_dag.py","logger":"airflow.models.dagbag.DagBag"}
{"timestamp":"2025-08-04T19:13:26.657418","level":"info","event":"Filling up the DagBag from /opt/airflow/dags/another_dag.py","logger":"airflow.models.dagbag.DagBag"}
{"timestamp":"2025-08-04T19:13:56.827040","level":"info","event":"Filling up the DagBag from /opt/airflow/dags/another_dag.py","logger":"airflow.models.dagbag.DagBag"}
{"timestamp":"2025-08-04T19:14:27.548222","level":"info","event":"Filling up the DagBag from /opt/airflow/dags/another_dag.py","logger":"airflow.models.dagbag.DagBag"}
{"timestamp":"2025-08-04T19:14:58.303198","level":"info","event":"Filling up the DagBag from /opt/airflow/dags/another_dag.py","logger":"airflow.models.dagbag.DagBag"}
{"timestamp":"2025-08-04T19:15:29.074922","level":"info","event":"Filling up the DagBag from /opt/airflow/dags/another_dag.py","logger":"airflow.models.dagbag.DagBag"}
{"timestamp":"2025-08-04T19:15:59.882644","level":"info","event":"Filling up the DagBag from /opt/airflow/dags/another_dag.py","logger":"airflow.models.dagbag.DagBag"}
{"timestamp":"2025-08-04T19:16:30.702692","level":"info","event":"Filling up the DagBag from /opt/airflow/dags/another_dag.py","logger":"airflow.models.dagbag.DagBag"}
{"timestamp":"2025-08-04T19:17:01.438697","level":"info","event":"Filling up the DagBag from /opt/airflow/dags/another_dag.py","logger":"airflow.models.dagbag.DagBag"}
{"timestamp":"2025-08-04T19:17:32.155144","level":"info","event":"Filling up the DagBag from /opt/airflow/dags/another_dag.py","logger":"airflow.models.dagbag.DagBag"}
{"timestamp":"2025-08-04T19:18:02.859929","level":"info","event":"Filling up the DagBag from /opt/airflow/dags/another_dag.py","logger":"airflow.models.dagbag.DagBag"}
{"timestamp":"2025-08-04T19:18:33.667216","level":"info","event":"Filling up the DagBag from /opt/airflow/dags/another_dag.py","logger":"airflow.models.dagbag.DagBag"}
{"timestamp":"2025-08-04T19:18:42.823660","level":"info","event":"Filling up the DagBag from /opt/airflow/dags/another_dag.py","logger":"airflow.models.dagbag.DagBag"}
{"timestamp":"2025-08-04T19:18:50.367644","level":"info","event":"Filling up the DagBag from /opt/airflow/dags/another_dag.py","logger":"airflow.models.dagbag.DagBag"}
{"timestamp":"2025-08-04T19:19:21.132658","level":"info","event":"Filling up the DagBag from /opt/airflow/dags/another_dag.py","logger":"airflow.models.dagbag.DagBag"}
{"timestamp":"2025-08-04T19:19:51.891110","level":"info","event":"Filling up the DagBag from /opt/airflow/dags/another_dag.py","logger":"airflow.models.dagbag.DagBag"}
{"timestamp":"2025-08-04T19:20:22.617205","level":"info","event":"Filling up the DagBag from /opt/airflow/dags/another_dag.py","logger":"airflow.models.dagbag.DagBag"}
{"timestamp":"2025-08-04T19:20:53.289197","level":"info","event":"Filling up the DagBag from /opt/airflow/dags/another_dag.py","logger":"airflow.models.dagbag.DagBag"}
{"timestamp":"2025-08-04T19:21:24.004378","level":"info","event":"Filling up the DagBag from /opt/airflow/dags/another_dag.py","logger":"airflow.models.dagbag.DagBag"}
{"timestamp":"2025-08-04T19:21:54.761801","level":"info","event":"Filling up the DagBag from /opt/airflow/dags/another_dag.py","logger":"airflow.models.dagbag.DagBag"}
{"timestamp":"2025-08-04T19:22:25.539643","level":"info","event":"Filling up the DagBag from /opt/airflow/dags/another_dag.py","logger":"airflow.models.dagbag.DagBag"}
{"timestamp":"2025-08-04T19:22:56.260929","level":"info","event":"Filling up the DagBag from /opt/airflow/dags/another_dag.py","logger":"airflow.models.dagbag.DagBag"}
{"timestamp":"2025-08-04T19:23:26.985204","level":"info","event":"Filling up the DagBag from /opt/airflow/dags/another_dag.py","logger":"airflow.models.dagbag.DagBag"}
{"timestamp":"2025-08-04T19:23:57.688897","level":"info","event":"Filling up the DagBag from /opt/airflow/dags/another_dag.py","logger":"airflow.models.dagbag.DagBag"}
{"timestamp":"2025-08-04T19:24:28.386252","level":"info","event":"Filling up the DagBag from /opt/airflow/dags/another_dag.py","logger":"airflow.models.dagbag.DagBag"}
{"timestamp":"2025-08-04T19:24:59.108764","level":"info","event":"Filling up the DagBag from /opt/airflow/dags/another_dag.py","logger":"airflow.models.dagbag.DagBag"}
{"timestamp":"2025-08-04T19:25:29.893570","level":"info","event":"Filling up the DagBag from /opt/airflow/dags/another_dag.py","logger":"airflow.models.dagbag.DagBag"}
{"timestamp":"2025-08-04T19:26:00.601792","level":"info","event":"Filling up the DagBag from /opt/airflow/dags/another_dag.py","logger":"airflow.models.dagbag.DagBag"}
{"timestamp":"2025-08-04T19:26:31.292929","level":"info","event":"Filling up the DagBag from /opt/airflow/dags/another_dag.py","logger":"airflow.models.dagbag.DagBag"}
{"timestamp":"2025-08-04T19:27:01.983467","level":"info","event":"Filling up the DagBag from /opt/airflow/dags/another_dag.py","logger":"airflow.models.dagbag.DagBag"}
{"timestamp":"2025-08-04T19:27:32.751160","level":"info","event":"Filling up the DagBag from /opt/airflow/dags/another_dag.py","logger":"airflow.models.dagbag.DagBag"}
{"timestamp":"2025-08-04T19:28:03.524702","level":"info","event":"Filling up the DagBag from /opt/airflow/dags/another_dag.py","logger":"airflow.models.dagbag.DagBag"}
{"timestamp":"2025-08-04T19:28:34.266716","level":"info","event":"Filling up the DagBag from /opt/airflow/dags/another_dag.py","logger":"airflow.models.dagbag.DagBag"}
{"timestamp":"2025-08-04T19:29:04.988540","level":"info","event":"Filling up the DagBag from /opt/airflow/dags/another_dag.py","logger":"airflow.models.dagbag.DagBag"}
{"timestamp":"2025-08-04T19:29:35.717075","level":"info","event":"Filling up the DagBag from /opt/airflow/dags/another_dag.py","logger":"airflow.models.dagbag.DagBag"}
{"timestamp":"2025-08-04T19:30:06.439318","level":"info","event":"Filling up the DagBag from /opt/airflow/dags/another_dag.py","logger":"airflow.models.dagbag.DagBag"}
{"timestamp":"2025-08-04T19:30:37.134341","level":"info","event":"Filling up the DagBag from /opt/airflow/dags/another_dag.py","logger":"airflow.models.dagbag.DagBag"}
{"timestamp":"2025-08-04T19:31:07.844179","level":"info","event":"Filling up the DagBag from /opt/airflow/dags/another_dag.py","logger":"airflow.models.dagbag.DagBag"}
{"timestamp":"2025-08-04T19:31:38.549819","level":"info","event":"Filling up the DagBag from /opt/airflow/dags/another_dag.py","logger":"airflow.models.dagbag.DagBag"}
{"timestamp":"2025-08-04T19:32:09.246678","level":"info","event":"Filling up the DagBag from /opt/airflow/dags/another_dag.py","logger":"airflow.models.dagbag.DagBag"}
{"timestamp":"2025-08-04T19:32:39.930201","level":"info","event":"Filling up the DagBag from /opt/airflow/dags/another_dag.py","logger":"airflow.models.dagbag.DagBag"}
{"timestamp":"2025-08-04T19:33:10.618151","level":"info","event":"Filling up the DagBag from /opt/airflow/dags/another_dag.py","logger":"airflow.models.dagbag.DagBag"}
{"timestamp":"2025-08-04T19:33:41.384914","level":"info","event":"Filling up the DagBag from /opt/airflow/dags/another_dag.py","logger":"airflow.models.dagbag.DagBag"}
{"timestamp":"2025-08-04T19:34:12.102211","level":"info","event":"Filling up the DagBag from /opt/airflow/dags/another_dag.py","logger":"airflow.models.dagbag.DagBag"}
{"timestamp":"2025-08-04T19:34:42.823592","level":"info","event":"Filling up the DagBag from /opt/airflow/dags/another_dag.py","logger":"airflow.models.dagbag.DagBag"}
{"timestamp":"2025-08-04T19:35:13.580384","level":"info","event":"Filling up the DagBag from /opt/airflow/dags/another_dag.py","logger":"airflow.models.dagbag.DagBag"}
{"timestamp":"2025-08-04T19:35:44.313857","level":"info","event":"Filling up the DagBag from /opt/airflow/dags/another_dag.py","logger":"airflow.models.dagbag.DagBag"}
{"timestamp":"2025-08-04T19:36:15.039836","level":"info","event":"Filling up the DagBag from /opt/airflow/dags/another_dag.py","logger":"airflow.models.dagbag.DagBag"}
{"timestamp":"2025-08-04T19:36:45.751234","level":"info","event":"Filling up the DagBag from /opt/airflow/dags/another_dag.py","logger":"airflow.models.dagbag.DagBag"}
{"timestamp":"2025-08-04T19:37:16.510073","level":"info","event":"Filling up the DagBag from /opt/airflow/dags/another_dag.py","logger":"airflow.models.dagbag.DagBag"}
{"timestamp":"2025-08-04T19:37:47.203666","level":"info","event":"Filling up the DagBag from /opt/airflow/dags/another_dag.py","logger":"airflow.models.dagbag.DagBag"}
{"timestamp":"2025-08-04T19:38:17.930628","level":"info","event":"Filling up the DagBag from /opt/airflow/dags/another_dag.py","logger":"airflow.models.dagbag.DagBag"}
{"timestamp":"2025-08-04T19:38:48.624109","level":"info","event":"Filling up the DagBag from /opt/airflow/dags/another_dag.py","logger":"airflow.models.dagbag.DagBag"}
{"timestamp":"2025-08-04T19:39:19.398730","level":"info","event":"Filling up the DagBag from /opt/airflow/dags/another_dag.py","logger":"airflow.models.dagbag.DagBag"}
{"timestamp":"2025-08-04T19:39:50.134067","level":"info","event":"Filling up the DagBag from /opt/airflow/dags/another_dag.py","logger":"airflow.models.dagbag.DagBag"}
{"timestamp":"2025-08-04T19:40:20.902376","level":"info","event":"Filling up the DagBag from /opt/airflow/dags/another_dag.py","logger":"airflow.models.dagbag.DagBag"}
{"timestamp":"2025-08-04T19:40:51.616228","level":"info","event":"Filling up the DagBag from /opt/airflow/dags/another_dag.py","logger":"airflow.models.dagbag.DagBag"}
{"timestamp":"2025-08-04T19:41:22.345260","level":"info","event":"Filling up the DagBag from /opt/airflow/dags/another_dag.py","logger":"airflow.models.dagbag.DagBag"}
{"timestamp":"2025-08-04T19:41:53.073945","level":"info","event":"Filling up the DagBag from /opt/airflow/dags/another_dag.py","logger":"airflow.models.dagbag.DagBag"}
{"timestamp":"2025-08-04T19:42:23.865501","level":"info","event":"Filling up the DagBag from /opt/airflow/dags/another_dag.py","logger":"airflow.models.dagbag.DagBag"}
{"timestamp":"2025-08-04T19:42:54.582298","level":"info","event":"Filling up the DagBag from /opt/airflow/dags/another_dag.py","logger":"airflow.models.dagbag.DagBag"}
{"timestamp":"2025-08-04T19:43:25.324798","level":"info","event":"Filling up the DagBag from /opt/airflow/dags/another_dag.py","logger":"airflow.models.dagbag.DagBag"}
{"timestamp":"2025-08-04T19:43:56.016807","level":"info","event":"Filling up the DagBag from /opt/airflow/dags/another_dag.py","logger":"airflow.models.dagbag.DagBag"}
{"timestamp":"2025-08-04T19:44:26.729537","level":"info","event":"Filling up the DagBag from /opt/airflow/dags/another_dag.py","logger":"airflow.models.dagbag.DagBag"}
{"timestamp":"2025-08-04T19:44:57.464015","level":"info","event":"Filling up the DagBag from /opt/airflow/dags/another_dag.py","logger":"airflow.models.dagbag.DagBag"}
{"timestamp":"2025-08-04T19:45:28.223171","level":"info","event":"Filling up the DagBag from /opt/airflow/dags/another_dag.py","logger":"airflow.models.dagbag.DagBag"}
{"timestamp":"2025-08-04T19:45:58.938795","level":"info","event":"Filling up the DagBag from /opt/airflow/dags/another_dag.py","logger":"airflow.models.dagbag.DagBag"}
{"timestamp":"2025-08-04T19:46:29.698729","level":"info","event":"Filling up the DagBag from /opt/airflow/dags/another_dag.py","logger":"airflow.models.dagbag.DagBag"}
{"timestamp":"2025-08-04T19:47:00.414391","level":"info","event":"Filling up the DagBag from /opt/airflow/dags/another_dag.py","logger":"airflow.models.dagbag.DagBag"}
{"timestamp":"2025-08-04T19:47:31.127620","level":"info","event":"Filling up the DagBag from /opt/airflow/dags/another_dag.py","logger":"airflow.models.dagbag.DagBag"}
{"timestamp":"2025-08-04T19:48:01.828841","level":"info","event":"Filling up the DagBag from /opt/airflow/dags/another_dag.py","logger":"airflow.models.dagbag.DagBag"}
{"timestamp":"2025-08-04T19:48:32.627572","level":"info","event":"Filling up the DagBag from /opt/airflow/dags/another_dag.py","logger":"airflow.models.dagbag.DagBag"}
{"timestamp":"2025-08-04T19:49:03.330709","level":"info","event":"Filling up the DagBag from /opt/airflow/dags/another_dag.py","logger":"airflow.models.dagbag.DagBag"}
{"timestamp":"2025-08-04T19:49:34.030790","level":"info","event":"Filling up the DagBag from /opt/airflow/dags/another_dag.py","logger":"airflow.models.dagbag.DagBag"}
{"timestamp":"2025-08-04T19:50:04.771880","level":"info","event":"Filling up the DagBag from /opt/airflow/dags/another_dag.py","logger":"airflow.models.dagbag.DagBag"}
{"timestamp":"2025-08-04T19:50:35.496117","level":"info","event":"Filling up the DagBag from /opt/airflow/dags/another_dag.py","logger":"airflow.models.dagbag.DagBag"}
{"timestamp":"2025-08-04T19:51:06.284602","level":"info","event":"Filling up the DagBag from /opt/airflow/dags/another_dag.py","logger":"airflow.models.dagbag.DagBag"}
{"timestamp":"2025-08-04T19:51:37.043950","level":"info","event":"Filling up the DagBag from /opt/airflow/dags/another_dag.py","logger":"airflow.models.dagbag.DagBag"}
{"timestamp":"2025-08-04T19:52:07.836675","level":"info","event":"Filling up the DagBag from /opt/airflow/dags/another_dag.py","logger":"airflow.models.dagbag.DagBag"}
{"timestamp":"2025-08-04T19:52:38.581787","level":"info","event":"Filling up the DagBag from /opt/airflow/dags/another_dag.py","logger":"airflow.models.dagbag.DagBag"}
{"timestamp":"2025-08-04T19:53:09.296889","level":"info","event":"Filling up the DagBag from /opt/airflow/dags/another_dag.py","logger":"airflow.models.dagbag.DagBag"}
{"timestamp":"2025-08-04T19:53:40.016718","level":"info","event":"Filling up the DagBag from /opt/airflow/dags/another_dag.py","logger":"airflow.models.dagbag.DagBag"}
{"timestamp":"2025-08-04T19:54:10.720906","level":"info","event":"Filling up the DagBag from /opt/airflow/dags/another_dag.py","logger":"airflow.models.dagbag.DagBag"}
{"timestamp":"2025-08-04T19:54:41.434052","level":"info","event":"Filling up the DagBag from /opt/airflow/dags/another_dag.py","logger":"airflow.models.dagbag.DagBag"}
{"timestamp":"2025-08-04T19:55:12.162862","level":"info","event":"Filling up the DagBag from /opt/airflow/dags/another_dag.py","logger":"airflow.models.dagbag.DagBag"}
{"timestamp":"2025-08-04T19:55:42.857595","level":"info","event":"Filling up the DagBag from /opt/airflow/dags/another_dag.py","logger":"airflow.models.dagbag.DagBag"}
{"timestamp":"2025-08-04T19:56:13.563239","level":"info","event":"Filling up the DagBag from /opt/airflow/dags/another_dag.py","logger":"airflow.models.dagbag.DagBag"}
{"timestamp":"2025-08-04T19:56:44.283832","level":"info","event":"Filling up the DagBag from /opt/airflow/dags/another_dag.py","logger":"airflow.models.dagbag.DagBag"}
{"timestamp":"2025-08-04T19:57:15.028827","level":"info","event":"Filling up the DagBag from /opt/airflow/dags/another_dag.py","logger":"airflow.models.dagbag.DagBag"}
{"timestamp":"2025-08-04T19:57:45.780274","level":"info","event":"Filling up the DagBag from /opt/airflow/dags/another_dag.py","logger":"airflow.models.dagbag.DagBag"}
{"timestamp":"2025-08-04T19:58:16.501698","level":"info","event":"Filling up the DagBag from /opt/airflow/dags/another_dag.py","logger":"airflow.models.dagbag.DagBag"}
{"timestamp":"2025-08-04T19:58:47.233353","level":"info","event":"Filling up the DagBag from /opt/airflow/dags/another_dag.py","logger":"airflow.models.dagbag.DagBag"}
{"timestamp":"2025-08-04T19:59:17.965605","level":"info","event":"Filling up the DagBag from /opt/airflow/dags/another_dag.py","logger":"airflow.models.dagbag.DagBag"}
{"timestamp":"2025-08-04T19:59:48.683522","level":"info","event":"Filling up the DagBag from /opt/airflow/dags/another_dag.py","logger":"airflow.models.dagbag.DagBag"}
{"timestamp":"2025-08-04T20:00:19.397866","level":"info","event":"Filling up the DagBag from /opt/airflow/dags/another_dag.py","logger":"airflow.models.dagbag.DagBag"}
{"timestamp":"2025-08-04T20:00:50.132354","level":"info","event":"Filling up the DagBag from /opt/airflow/dags/another_dag.py","logger":"airflow.models.dagbag.DagBag"}
{"timestamp":"2025-08-04T20:01:20.837282","level":"info","event":"Filling up the DagBag from /opt/airflow/dags/another_dag.py","logger":"airflow.models.dagbag.DagBag"}
{"timestamp":"2025-08-04T20:01:51.555756","level":"info","event":"Filling up the DagBag from /opt/airflow/dags/another_dag.py","logger":"airflow.models.dagbag.DagBag"}
{"timestamp":"2025-08-04T20:02:22.261242","level":"info","event":"Filling up the DagBag from /opt/airflow/dags/another_dag.py","logger":"airflow.models.dagbag.DagBag"}
{"timestamp":"2025-08-04T20:02:53.022571","level":"info","event":"Filling up the DagBag from /opt/airflow/dags/another_dag.py","logger":"airflow.models.dagbag.DagBag"}
{"timestamp":"2025-08-04T20:03:23.762191","level":"info","event":"Filling up the DagBag from /opt/airflow/dags/another_dag.py","logger":"airflow.models.dagbag.DagBag"}
{"timestamp":"2025-08-04T20:03:54.495502","level":"info","event":"Filling up the DagBag from /opt/airflow/dags/another_dag.py","logger":"airflow.models.dagbag.DagBag"}
{"timestamp":"2025-08-04T20:04:25.253827","level":"info","event":"Filling up the DagBag from /opt/airflow/dags/another_dag.py","logger":"airflow.models.dagbag.DagBag"}
{"timestamp":"2025-08-04T20:04:55.961201","level":"info","event":"Filling up the DagBag from /opt/airflow/dags/another_dag.py","logger":"airflow.models.dagbag.DagBag"}
{"timestamp":"2025-08-04T20:05:26.653225","level":"info","event":"Filling up the DagBag from /opt/airflow/dags/another_dag.py","logger":"airflow.models.dagbag.DagBag"}
{"timestamp":"2025-08-04T20:05:57.402006","level":"info","event":"Filling up the DagBag from /opt/airflow/dags/another_dag.py","logger":"airflow.models.dagbag.DagBag"}
{"timestamp":"2025-08-04T20:06:28.107817","level":"info","event":"Filling up the DagBag from /opt/airflow/dags/another_dag.py","logger":"airflow.models.dagbag.DagBag"}
{"timestamp":"2025-08-04T20:06:58.809766","level":"info","event":"Filling up the DagBag from /opt/airflow/dags/another_dag.py","logger":"airflow.models.dagbag.DagBag"}
{"timestamp":"2025-08-04T20:07:29.513178","level":"info","event":"Filling up the DagBag from /opt/airflow/dags/another_dag.py","logger":"airflow.models.dagbag.DagBag"}
{"timestamp":"2025-08-04T20:08:00.283037","level":"info","event":"Filling up the DagBag from /opt/airflow/dags/another_dag.py","logger":"airflow.models.dagbag.DagBag"}
{"timestamp":"2025-08-04T20:08:30.999769","level":"info","event":"Filling up the DagBag from /opt/airflow/dags/another_dag.py","logger":"airflow.models.dagbag.DagBag"}
{"timestamp":"2025-08-04T20:09:01.771896","level":"info","event":"Filling up the DagBag from /opt/airflow/dags/another_dag.py","logger":"airflow.models.dagbag.DagBag"}
{"timestamp":"2025-08-04T20:09:32.508121","level":"info","event":"Filling up the DagBag from /opt/airflow/dags/another_dag.py","logger":"airflow.models.dagbag.DagBag"}
{"timestamp":"2025-08-04T20:10:03.218946","level":"info","event":"Filling up the DagBag from /opt/airflow/dags/another_dag.py","logger":"airflow.models.dagbag.DagBag"}
{"timestamp":"2025-08-04T20:10:33.904168","level":"info","event":"Filling up the DagBag from /opt/airflow/dags/another_dag.py","logger":"airflow.models.dagbag.DagBag"}
{"timestamp":"2025-08-04T20:11:04.641794","level":"info","event":"Filling up the DagBag from /opt/airflow/dags/another_dag.py","logger":"airflow.models.dagbag.DagBag"}
{"timestamp":"2025-08-04T20:11:35.352395","level":"info","event":"Filling up the DagBag from /opt/airflow/dags/another_dag.py","logger":"airflow.models.dagbag.DagBag"}
{"timestamp":"2025-08-04T20:12:06.083430","level":"info","event":"Filling up the DagBag from /opt/airflow/dags/another_dag.py","logger":"airflow.models.dagbag.DagBag"}
{"timestamp":"2025-08-04T20:12:36.802433","level":"info","event":"Filling up the DagBag from /opt/airflow/dags/another_dag.py","logger":"airflow.models.dagbag.DagBag"}
{"timestamp":"2025-08-04T20:13:07.493983","level":"info","event":"Filling up the DagBag from /opt/airflow/dags/another_dag.py","logger":"airflow.models.dagbag.DagBag"}
{"timestamp":"2025-08-04T20:13:38.259148","level":"info","event":"Filling up the DagBag from /opt/airflow/dags/another_dag.py","logger":"airflow.models.dagbag.DagBag"}
{"timestamp":"2025-08-04T20:14:08.937847","level":"info","event":"Filling up the DagBag from /opt/airflow/dags/another_dag.py","logger":"airflow.models.dagbag.DagBag"}
{"timestamp":"2025-08-04T20:14:39.723156","level":"info","event":"Filling up the DagBag from /opt/airflow/dags/another_dag.py","logger":"airflow.models.dagbag.DagBag"}
{"timestamp":"2025-08-04T20:15:10.446728","level":"info","event":"Filling up the DagBag from /opt/airflow/dags/another_dag.py","logger":"airflow.models.dagbag.DagBag"}
{"timestamp":"2025-08-04T20:15:41.218842","level":"info","event":"Filling up the DagBag from /opt/airflow/dags/another_dag.py","logger":"airflow.models.dagbag.DagBag"}
{"timestamp":"2025-08-04T20:16:11.955412","level":"info","event":"Filling up the DagBag from /opt/airflow/dags/another_dag.py","logger":"airflow.models.dagbag.DagBag"}
{"timestamp":"2025-08-04T20:16:42.639486","level":"info","event":"Filling up the DagBag from /opt/airflow/dags/another_dag.py","logger":"airflow.models.dagbag.DagBag"}
{"timestamp":"2025-08-04T20:17:13.376171","level":"info","event":"Filling up the DagBag from /opt/airflow/dags/another_dag.py","logger":"airflow.models.dagbag.DagBag"}
{"timestamp":"2025-08-04T20:17:44.111320","level":"info","event":"Filling up the DagBag from /opt/airflow/dags/another_dag.py","logger":"airflow.models.dagbag.DagBag"}
{"timestamp":"2025-08-04T20:18:14.830582","level":"info","event":"Filling up the DagBag from /opt/airflow/dags/another_dag.py","logger":"airflow.models.dagbag.DagBag"}
{"timestamp":"2025-08-04T20:18:45.585098","level":"info","event":"Filling up the DagBag from /opt/airflow/dags/another_dag.py","logger":"airflow.models.dagbag.DagBag"}
{"timestamp":"2025-08-04T20:19:16.296580","level":"info","event":"Filling up the DagBag from /opt/airflow/dags/another_dag.py","logger":"airflow.models.dagbag.DagBag"}
{"timestamp":"2025-08-04T20:19:47.004916","level":"info","event":"Filling up the DagBag from /opt/airflow/dags/another_dag.py","logger":"airflow.models.dagbag.DagBag"}
{"timestamp":"2025-08-04T20:20:17.730713","level":"info","event":"Filling up the DagBag from /opt/airflow/dags/another_dag.py","logger":"airflow.models.dagbag.DagBag"}
{"timestamp":"2025-08-04T20:20:48.552481","level":"info","event":"Filling up the DagBag from /opt/airflow/dags/another_dag.py","logger":"airflow.models.dagbag.DagBag"}
{"timestamp":"2025-08-04T20:21:19.250080","level":"info","event":"Filling up the DagBag from /opt/airflow/dags/another_dag.py","logger":"airflow.models.dagbag.DagBag"}
{"timestamp":"2025-08-04T20:21:49.950370","level":"info","event":"Filling up the DagBag from /opt/airflow/dags/another_dag.py","logger":"airflow.models.dagbag.DagBag"}
{"timestamp":"2025-08-04T20:22:20.654719","level":"info","event":"Filling up the DagBag from /opt/airflow/dags/another_dag.py","logger":"airflow.models.dagbag.DagBag"}
{"timestamp":"2025-08-04T20:22:51.374169","level":"info","event":"Filling up the DagBag from /opt/airflow/dags/another_dag.py","logger":"airflow.models.dagbag.DagBag"}
{"timestamp":"2025-08-04T20:23:22.093160","level":"info","event":"Filling up the DagBag from /opt/airflow/dags/another_dag.py","logger":"airflow.models.dagbag.DagBag"}
{"timestamp":"2025-08-04T20:23:52.795753","level":"info","event":"Filling up the DagBag from /opt/airflow/dags/another_dag.py","logger":"airflow.models.dagbag.DagBag"}
{"timestamp":"2025-08-04T20:24:23.502023","level":"info","event":"Filling up the DagBag from /opt/airflow/dags/another_dag.py","logger":"airflow.models.dagbag.DagBag"}
{"timestamp":"2025-08-04T20:24:54.223718","level":"info","event":"Filling up the DagBag from /opt/airflow/dags/another_dag.py","logger":"airflow.models.dagbag.DagBag"}
{"timestamp":"2025-08-04T20:25:24.997718","level":"info","event":"Filling up the DagBag from /opt/airflow/dags/another_dag.py","logger":"airflow.models.dagbag.DagBag"}
{"timestamp":"2025-08-04T20:25:55.710589","level":"info","event":"Filling up the DagBag from /opt/airflow/dags/another_dag.py","logger":"airflow.models.dagbag.DagBag"}
{"timestamp":"2025-08-04T20:26:26.449691","level":"info","event":"Filling up the DagBag from /opt/airflow/dags/another_dag.py","logger":"airflow.models.dagbag.DagBag"}
{"timestamp":"2025-08-04T20:26:57.180729","level":"info","event":"Filling up the DagBag from /opt/airflow/dags/another_dag.py","logger":"airflow.models.dagbag.DagBag"}
{"timestamp":"2025-08-04T20:27:27.938199","level":"info","event":"Filling up the DagBag from /opt/airflow/dags/another_dag.py","logger":"airflow.models.dagbag.DagBag"}
{"timestamp":"2025-08-04T20:27:58.614555","level":"info","event":"Filling up the DagBag from /opt/airflow/dags/another_dag.py","logger":"airflow.models.dagbag.DagBag"}
{"timestamp":"2025-08-04T20:28:29.269127","level":"info","event":"Filling up the DagBag from /opt/airflow/dags/another_dag.py","logger":"airflow.models.dagbag.DagBag"}
{"timestamp":"2025-08-04T20:28:59.982916","level":"info","event":"Filling up the DagBag from /opt/airflow/dags/another_dag.py","logger":"airflow.models.dagbag.DagBag"}
{"timestamp":"2025-08-04T20:29:30.650384","level":"info","event":"Filling up the DagBag from /opt/airflow/dags/another_dag.py","logger":"airflow.models.dagbag.DagBag"}
{"timestamp":"2025-08-04T20:30:01.300888","level":"info","event":"Filling up the DagBag from /opt/airflow/dags/another_dag.py","logger":"airflow.models.dagbag.DagBag"}
{"timestamp":"2025-08-04T20:30:31.974966","level":"info","event":"Filling up the DagBag from /opt/airflow/dags/another_dag.py","logger":"airflow.models.dagbag.DagBag"}
{"timestamp":"2025-08-04T20:31:02.668947","level":"info","event":"Filling up the DagBag from /opt/airflow/dags/another_dag.py","logger":"airflow.models.dagbag.DagBag"}
{"timestamp":"2025-08-04T20:31:33.345122","level":"info","event":"Filling up the DagBag from /opt/airflow/dags/another_dag.py","logger":"airflow.models.dagbag.DagBag"}
{"timestamp":"2025-08-04T20:32:04.017862","level":"info","event":"Filling up the DagBag from /opt/airflow/dags/another_dag.py","logger":"airflow.models.dagbag.DagBag"}
{"timestamp":"2025-08-04T20:32:34.706573","level":"info","event":"Filling up the DagBag from /opt/airflow/dags/another_dag.py","logger":"airflow.models.dagbag.DagBag"}
{"timestamp":"2025-08-04T20:33:05.451065","level":"info","event":"Filling up the DagBag from /opt/airflow/dags/another_dag.py","logger":"airflow.models.dagbag.DagBag"}
{"timestamp":"2025-08-04T20:33:36.130707","level":"info","event":"Filling up the DagBag from /opt/airflow/dags/another_dag.py","logger":"airflow.models.dagbag.DagBag"}
{"timestamp":"2025-08-04T20:34:06.824134","level":"info","event":"Filling up the DagBag from /opt/airflow/dags/another_dag.py","logger":"airflow.models.dagbag.DagBag"}
{"timestamp":"2025-08-04T20:34:37.498130","level":"info","event":"Filling up the DagBag from /opt/airflow/dags/another_dag.py","logger":"airflow.models.dagbag.DagBag"}
{"timestamp":"2025-08-04T20:35:08.193607","level":"info","event":"Filling up the DagBag from /opt/airflow/dags/another_dag.py","logger":"airflow.models.dagbag.DagBag"}
{"timestamp":"2025-08-04T20:35:38.886656","level":"info","event":"Filling up the DagBag from /opt/airflow/dags/another_dag.py","logger":"airflow.models.dagbag.DagBag"}
{"timestamp":"2025-08-04T20:36:09.552748","level":"info","event":"Filling up the DagBag from /opt/airflow/dags/another_dag.py","logger":"airflow.models.dagbag.DagBag"}
{"timestamp":"2025-08-04T20:36:40.236684","level":"info","event":"Filling up the DagBag from /opt/airflow/dags/another_dag.py","logger":"airflow.models.dagbag.DagBag"}
{"timestamp":"2025-08-04T20:37:10.904251","level":"info","event":"Filling up the DagBag from /opt/airflow/dags/another_dag.py","logger":"airflow.models.dagbag.DagBag"}
{"timestamp":"2025-08-04T20:37:41.597411","level":"info","event":"Filling up the DagBag from /opt/airflow/dags/another_dag.py","logger":"airflow.models.dagbag.DagBag"}
{"timestamp":"2025-08-04T20:38:12.265701","level":"info","event":"Filling up the DagBag from /opt/airflow/dags/another_dag.py","logger":"airflow.models.dagbag.DagBag"}
{"timestamp":"2025-08-04T20:38:42.937251","level":"info","event":"Filling up the DagBag from /opt/airflow/dags/another_dag.py","logger":"airflow.models.dagbag.DagBag"}
{"timestamp":"2025-08-04T20:39:13.626281","level":"info","event":"Filling up the DagBag from /opt/airflow/dags/another_dag.py","logger":"airflow.models.dagbag.DagBag"}
{"timestamp":"2025-08-04T20:39:44.361319","level":"info","event":"Filling up the DagBag from /opt/airflow/dags/another_dag.py","logger":"airflow.models.dagbag.DagBag"}
{"timestamp":"2025-08-04T20:40:15.040920","level":"info","event":"Filling up the DagBag from /opt/airflow/dags/another_dag.py","logger":"airflow.models.dagbag.DagBag"}
{"timestamp":"2025-08-04T20:40:45.704855","level":"info","event":"Filling up the DagBag from /opt/airflow/dags/another_dag.py","logger":"airflow.models.dagbag.DagBag"}
{"timestamp":"2025-08-04T20:41:16.409974","level":"info","event":"Filling up the DagBag from /opt/airflow/dags/another_dag.py","logger":"airflow.models.dagbag.DagBag"}
{"timestamp":"2025-08-04T20:41:47.126811","level":"info","event":"Filling up the DagBag from /opt/airflow/dags/another_dag.py","logger":"airflow.models.dagbag.DagBag"}
{"timestamp":"2025-08-04T20:42:17.797246","level":"info","event":"Filling up the DagBag from /opt/airflow/dags/another_dag.py","logger":"airflow.models.dagbag.DagBag"}
{"timestamp":"2025-08-04T20:42:48.523527","level":"info","event":"Filling up the DagBag from /opt/airflow/dags/another_dag.py","logger":"airflow.models.dagbag.DagBag"}
{"timestamp":"2025-08-04T20:57:32.782139","level":"info","event":"Filling up the DagBag from /opt/airflow/dags/another_dag.py","logger":"airflow.models.dagbag.DagBag"}
{"timestamp":"2025-08-04T20:58:03.679791","level":"info","event":"Filling up the DagBag from /opt/airflow/dags/another_dag.py","logger":"airflow.models.dagbag.DagBag"}
{"timestamp":"2025-08-04T20:58:34.409755","level":"info","event":"Filling up the DagBag from /opt/airflow/dags/another_dag.py","logger":"airflow.models.dagbag.DagBag"}
{"timestamp":"2025-08-04T20:59:05.114478","level":"info","event":"Filling up the DagBag from /opt/airflow/dags/another_dag.py","logger":"airflow.models.dagbag.DagBag"}
{"timestamp":"2025-08-04T20:59:35.817524","level":"info","event":"Filling up the DagBag from /opt/airflow/dags/another_dag.py","logger":"airflow.models.dagbag.DagBag"}
{"timestamp":"2025-08-04T21:00:06.520824","level":"info","event":"Filling up the DagBag from /opt/airflow/dags/another_dag.py","logger":"airflow.models.dagbag.DagBag"}
{"timestamp":"2025-08-04T21:00:37.284913","level":"info","event":"Filling up the DagBag from /opt/airflow/dags/another_dag.py","logger":"airflow.models.dagbag.DagBag"}
{"timestamp":"2025-08-04T21:01:08.045629","level":"info","event":"Filling up the DagBag from /opt/airflow/dags/another_dag.py","logger":"airflow.models.dagbag.DagBag"}
{"timestamp":"2025-08-04T21:01:38.799817","level":"info","event":"Filling up the DagBag from /opt/airflow/dags/another_dag.py","logger":"airflow.models.dagbag.DagBag"}
{"timestamp":"2025-08-04T21:02:09.512838","level":"info","event":"Filling up the DagBag from /opt/airflow/dags/another_dag.py","logger":"airflow.models.dagbag.DagBag"}
{"timestamp":"2025-08-04T21:02:40.237826","level":"info","event":"Filling up the DagBag from /opt/airflow/dags/another_dag.py","logger":"airflow.models.dagbag.DagBag"}
{"timestamp":"2025-08-04T21:03:10.965164","level":"info","event":"Filling up the DagBag from /opt/airflow/dags/another_dag.py","logger":"airflow.models.dagbag.DagBag"}
{"timestamp":"2025-08-04T21:03:41.700862","level":"info","event":"Filling up the DagBag from /opt/airflow/dags/another_dag.py","logger":"airflow.models.dagbag.DagBag"}
{"timestamp":"2025-08-04T21:04:12.408775","level":"info","event":"Filling up the DagBag from /opt/airflow/dags/another_dag.py","logger":"airflow.models.dagbag.DagBag"}
{"timestamp":"2025-08-04T21:04:43.115126","level":"info","event":"Filling up the DagBag from /opt/airflow/dags/another_dag.py","logger":"airflow.models.dagbag.DagBag"}
{"timestamp":"2025-08-04T21:05:13.857286","level":"info","event":"Filling up the DagBag from /opt/airflow/dags/another_dag.py","logger":"airflow.models.dagbag.DagBag"}
{"timestamp":"2025-08-04T21:05:44.649087","level":"info","event":"Filling up the DagBag from /opt/airflow/dags/another_dag.py","logger":"airflow.models.dagbag.DagBag"}
{"timestamp":"2025-08-04T21:06:15.349045","level":"info","event":"Filling up the DagBag from /opt/airflow/dags/another_dag.py","logger":"airflow.models.dagbag.DagBag"}
{"timestamp":"2025-08-04T21:06:46.121283","level":"info","event":"Filling up the DagBag from /opt/airflow/dags/another_dag.py","logger":"airflow.models.dagbag.DagBag"}
{"timestamp":"2025-08-04T21:07:16.795631","level":"info","event":"Filling up the DagBag from /opt/airflow/dags/another_dag.py","logger":"airflow.models.dagbag.DagBag"}
{"timestamp":"2025-08-04T21:07:47.461521","level":"info","event":"Filling up the DagBag from /opt/airflow/dags/another_dag.py","logger":"airflow.models.dagbag.DagBag"}
{"timestamp":"2025-08-04T21:08:18.159993","level":"info","event":"Filling up the DagBag from /opt/airflow/dags/another_dag.py","logger":"airflow.models.dagbag.DagBag"}
{"timestamp":"2025-08-04T21:08:48.868069","level":"info","event":"Filling up the DagBag from /opt/airflow/dags/another_dag.py","logger":"airflow.models.dagbag.DagBag"}
{"timestamp":"2025-08-04T21:09:19.562896","level":"info","event":"Filling up the DagBag from /opt/airflow/dags/another_dag.py","logger":"airflow.models.dagbag.DagBag"}
{"timestamp":"2025-08-04T21:09:50.231390","level":"info","event":"Filling up the DagBag from /opt/airflow/dags/another_dag.py","logger":"airflow.models.dagbag.DagBag"}
{"timestamp":"2025-08-04T21:10:20.917200","level":"info","event":"Filling up the DagBag from /opt/airflow/dags/another_dag.py","logger":"airflow.models.dagbag.DagBag"}
{"timestamp":"2025-08-04T21:10:51.593014","level":"info","event":"Filling up the DagBag from /opt/airflow/dags/another_dag.py","logger":"airflow.models.dagbag.DagBag"}
{"timestamp":"2025-08-04T21:11:22.287456","level":"info","event":"Filling up the DagBag from /opt/airflow/dags/another_dag.py","logger":"airflow.models.dagbag.DagBag"}
{"timestamp":"2025-08-04T21:11:52.973950","level":"info","event":"Filling up the DagBag from /opt/airflow/dags/another_dag.py","logger":"airflow.models.dagbag.DagBag"}
{"timestamp":"2025-08-04T21:12:23.686510","level":"info","event":"Filling up the DagBag from /opt/airflow/dags/another_dag.py","logger":"airflow.models.dagbag.DagBag"}
{"timestamp":"2025-08-04T21:12:54.372509","level":"info","event":"Filling up the DagBag from /opt/airflow/dags/another_dag.py","logger":"airflow.models.dagbag.DagBag"}
{"timestamp":"2025-08-04T21:13:25.047988","level":"info","event":"Filling up the DagBag from /opt/airflow/dags/another_dag.py","logger":"airflow.models.dagbag.DagBag"}
{"timestamp":"2025-08-04T21:13:55.797362","level":"info","event":"Filling up the DagBag from /opt/airflow/dags/another_dag.py","logger":"airflow.models.dagbag.DagBag"}
{"timestamp":"2025-08-04T21:14:26.504770","level":"info","event":"Filling up the DagBag from /opt/airflow/dags/another_dag.py","logger":"airflow.models.dagbag.DagBag"}
{"timestamp":"2025-08-04T21:14:57.317410","level":"info","event":"Filling up the DagBag from /opt/airflow/dags/another_dag.py","logger":"airflow.models.dagbag.DagBag"}
{"timestamp":"2025-08-04T21:15:28.041652","level":"info","event":"Filling up the DagBag from /opt/airflow/dags/another_dag.py","logger":"airflow.models.dagbag.DagBag"}
{"timestamp":"2025-08-04T21:15:58.775124","level":"info","event":"Filling up the DagBag from /opt/airflow/dags/another_dag.py","logger":"airflow.models.dagbag.DagBag"}
{"timestamp":"2025-08-04T21:16:29.507498","level":"info","event":"Filling up the DagBag from /opt/airflow/dags/another_dag.py","logger":"airflow.models.dagbag.DagBag"}
{"timestamp":"2025-08-04T21:17:00.225193","level":"info","event":"Filling up the DagBag from /opt/airflow/dags/another_dag.py","logger":"airflow.models.dagbag.DagBag"}
{"timestamp":"2025-08-04T21:17:30.968514","level":"info","event":"Filling up the DagBag from /opt/airflow/dags/another_dag.py","logger":"airflow.models.dagbag.DagBag"}
{"timestamp":"2025-08-04T21:18:01.814022","level":"info","event":"Filling up the DagBag from /opt/airflow/dags/another_dag.py","logger":"airflow.models.dagbag.DagBag"}
{"timestamp":"2025-08-04T21:18:32.534377","level":"info","event":"Filling up the DagBag from /opt/airflow/dags/another_dag.py","logger":"airflow.models.dagbag.DagBag"}
{"timestamp":"2025-08-04T21:19:03.260266","level":"info","event":"Filling up the DagBag from /opt/airflow/dags/another_dag.py","logger":"airflow.models.dagbag.DagBag"}
{"timestamp":"2025-08-04T21:19:33.937001","level":"info","event":"Filling up the DagBag from /opt/airflow/dags/another_dag.py","logger":"airflow.models.dagbag.DagBag"}
{"timestamp":"2025-08-04T21:20:04.655435","level":"info","event":"Filling up the DagBag from /opt/airflow/dags/another_dag.py","logger":"airflow.models.dagbag.DagBag"}
{"timestamp":"2025-08-04T21:20:35.419567","level":"info","event":"Filling up the DagBag from /opt/airflow/dags/another_dag.py","logger":"airflow.models.dagbag.DagBag"}
{"timestamp":"2025-08-04T21:21:06.142642","level":"info","event":"Filling up the DagBag from /opt/airflow/dags/another_dag.py","logger":"airflow.models.dagbag.DagBag"}
{"timestamp":"2025-08-04T21:21:36.864931","level":"info","event":"Filling up the DagBag from /opt/airflow/dags/another_dag.py","logger":"airflow.models.dagbag.DagBag"}
{"timestamp":"2025-08-04T21:22:07.602048","level":"info","event":"Filling up the DagBag from /opt/airflow/dags/another_dag.py","logger":"airflow.models.dagbag.DagBag"}
{"timestamp":"2025-08-04T21:22:38.307028","level":"info","event":"Filling up the DagBag from /opt/airflow/dags/another_dag.py","logger":"airflow.models.dagbag.DagBag"}
{"timestamp":"2025-08-04T21:23:09.009458","level":"info","event":"Filling up the DagBag from /opt/airflow/dags/another_dag.py","logger":"airflow.models.dagbag.DagBag"}
{"timestamp":"2025-08-04T21:23:39.762645","level":"info","event":"Filling up the DagBag from /opt/airflow/dags/another_dag.py","logger":"airflow.models.dagbag.DagBag"}
{"timestamp":"2025-08-04T21:24:10.474630","level":"info","event":"Filling up the DagBag from /opt/airflow/dags/another_dag.py","logger":"airflow.models.dagbag.DagBag"}
{"timestamp":"2025-08-04T21:24:41.222728","level":"info","event":"Filling up the DagBag from /opt/airflow/dags/another_dag.py","logger":"airflow.models.dagbag.DagBag"}
{"timestamp":"2025-08-04T21:25:11.923584","level":"info","event":"Filling up the DagBag from /opt/airflow/dags/another_dag.py","logger":"airflow.models.dagbag.DagBag"}
{"timestamp":"2025-08-04T21:25:42.598488","level":"info","event":"Filling up the DagBag from /opt/airflow/dags/another_dag.py","logger":"airflow.models.dagbag.DagBag"}
{"timestamp":"2025-08-04T21:26:13.311154","level":"info","event":"Filling up the DagBag from /opt/airflow/dags/another_dag.py","logger":"airflow.models.dagbag.DagBag"}
{"timestamp":"2025-08-04T21:26:44.003322","level":"info","event":"Filling up the DagBag from /opt/airflow/dags/another_dag.py","logger":"airflow.models.dagbag.DagBag"}
{"timestamp":"2025-08-04T21:27:14.722997","level":"info","event":"Filling up the DagBag from /opt/airflow/dags/another_dag.py","logger":"airflow.models.dagbag.DagBag"}
{"timestamp":"2025-08-04T21:27:45.467123","level":"info","event":"Filling up the DagBag from /opt/airflow/dags/another_dag.py","logger":"airflow.models.dagbag.DagBag"}
{"timestamp":"2025-08-04T21:28:16.238650","level":"info","event":"Filling up the DagBag from /opt/airflow/dags/another_dag.py","logger":"airflow.models.dagbag.DagBag"}
{"timestamp":"2025-08-04T21:28:46.941930","level":"info","event":"Filling up the DagBag from /opt/airflow/dags/another_dag.py","logger":"airflow.models.dagbag.DagBag"}
{"timestamp":"2025-08-04T21:29:17.647192","level":"info","event":"Filling up the DagBag from /opt/airflow/dags/another_dag.py","logger":"airflow.models.dagbag.DagBag"}
{"timestamp":"2025-08-04T21:29:48.376552","level":"info","event":"Filling up the DagBag from /opt/airflow/dags/another_dag.py","logger":"airflow.models.dagbag.DagBag"}
{"timestamp":"2025-08-04T21:30:19.100429","level":"info","event":"Filling up the DagBag from /opt/airflow/dags/another_dag.py","logger":"airflow.models.dagbag.DagBag"}
{"timestamp":"2025-08-04T21:30:49.837817","level":"info","event":"Filling up the DagBag from /opt/airflow/dags/another_dag.py","logger":"airflow.models.dagbag.DagBag"}
{"timestamp":"2025-08-04T21:31:20.552245","level":"info","event":"Filling up the DagBag from /opt/airflow/dags/another_dag.py","logger":"airflow.models.dagbag.DagBag"}
{"timestamp":"2025-08-04T21:31:51.290792","level":"info","event":"Filling up the DagBag from /opt/airflow/dags/another_dag.py","logger":"airflow.models.dagbag.DagBag"}
{"timestamp":"2025-08-04T21:32:21.985169","level":"info","event":"Filling up the DagBag from /opt/airflow/dags/another_dag.py","logger":"airflow.models.dagbag.DagBag"}
{"timestamp":"2025-08-04T21:32:52.694131","level":"info","event":"Filling up the DagBag from /opt/airflow/dags/another_dag.py","logger":"airflow.models.dagbag.DagBag"}
{"timestamp":"2025-08-04T21:33:23.419700","level":"info","event":"Filling up the DagBag from /opt/airflow/dags/another_dag.py","logger":"airflow.models.dagbag.DagBag"}
{"timestamp":"2025-08-04T21:33:54.129065","level":"info","event":"Filling up the DagBag from /opt/airflow/dags/another_dag.py","logger":"airflow.models.dagbag.DagBag"}
{"timestamp":"2025-08-04T21:34:24.842663","level":"info","event":"Filling up the DagBag from /opt/airflow/dags/another_dag.py","logger":"airflow.models.dagbag.DagBag"}
{"timestamp":"2025-08-04T21:34:55.597116","level":"info","event":"Filling up the DagBag from /opt/airflow/dags/another_dag.py","logger":"airflow.models.dagbag.DagBag"}
{"timestamp":"2025-08-04T21:35:26.365698","level":"info","event":"Filling up the DagBag from /opt/airflow/dags/another_dag.py","logger":"airflow.models.dagbag.DagBag"}
{"timestamp":"2025-08-04T21:35:57.199747","level":"info","event":"Filling up the DagBag from /opt/airflow/dags/another_dag.py","logger":"airflow.models.dagbag.DagBag"}
{"timestamp":"2025-08-04T21:36:27.936354","level":"info","event":"Filling up the DagBag from /opt/airflow/dags/another_dag.py","logger":"airflow.models.dagbag.DagBag"}
{"timestamp":"2025-08-04T21:36:58.782874","level":"info","event":"Filling up the DagBag from /opt/airflow/dags/another_dag.py","logger":"airflow.models.dagbag.DagBag"}
{"timestamp":"2025-08-04T21:37:29.541213","level":"info","event":"Filling up the DagBag from /opt/airflow/dags/another_dag.py","logger":"airflow.models.dagbag.DagBag"}
{"timestamp":"2025-08-04T21:38:00.256193","level":"info","event":"Filling up the DagBag from /opt/airflow/dags/another_dag.py","logger":"airflow.models.dagbag.DagBag"}
{"timestamp":"2025-08-04T21:38:30.961869","level":"info","event":"Filling up the DagBag from /opt/airflow/dags/another_dag.py","logger":"airflow.models.dagbag.DagBag"}
{"timestamp":"2025-08-04T21:39:01.668636","level":"info","event":"Filling up the DagBag from /opt/airflow/dags/another_dag.py","logger":"airflow.models.dagbag.DagBag"}
{"timestamp":"2025-08-04T21:39:32.387089","level":"info","event":"Filling up the DagBag from /opt/airflow/dags/another_dag.py","logger":"airflow.models.dagbag.DagBag"}
{"timestamp":"2025-08-04T21:40:03.051530","level":"info","event":"Filling up the DagBag from /opt/airflow/dags/another_dag.py","logger":"airflow.models.dagbag.DagBag"}
{"timestamp":"2025-08-04T21:40:33.752331","level":"info","event":"Filling up the DagBag from /opt/airflow/dags/another_dag.py","logger":"airflow.models.dagbag.DagBag"}
{"timestamp":"2025-08-04T21:41:04.436254","level":"info","event":"Filling up the DagBag from /opt/airflow/dags/another_dag.py","logger":"airflow.models.dagbag.DagBag"}
{"timestamp":"2025-08-04T21:41:35.192494","level":"info","event":"Filling up the DagBag from /opt/airflow/dags/another_dag.py","logger":"airflow.models.dagbag.DagBag"}
{"timestamp":"2025-08-04T21:42:05.906806","level":"info","event":"Filling up the DagBag from /opt/airflow/dags/another_dag.py","logger":"airflow.models.dagbag.DagBag"}
{"timestamp":"2025-08-04T21:42:36.663265","level":"info","event":"Filling up the DagBag from /opt/airflow/dags/another_dag.py","logger":"airflow.models.dagbag.DagBag"}
{"timestamp":"2025-08-04T21:43:07.328061","level":"info","event":"Filling up the DagBag from /opt/airflow/dags/another_dag.py","logger":"airflow.models.dagbag.DagBag"}
{"timestamp":"2025-08-04T21:43:38.004055","level":"info","event":"Filling up the DagBag from /opt/airflow/dags/another_dag.py","logger":"airflow.models.dagbag.DagBag"}
{"timestamp":"2025-08-04T21:44:08.671175","level":"info","event":"Filling up the DagBag from /opt/airflow/dags/another_dag.py","logger":"airflow.models.dagbag.DagBag"}
{"timestamp":"2025-08-04T21:44:39.358970","level":"info","event":"Filling up the DagBag from /opt/airflow/dags/another_dag.py","logger":"airflow.models.dagbag.DagBag"}
{"timestamp":"2025-08-04T21:45:10.038001","level":"info","event":"Filling up the DagBag from /opt/airflow/dags/another_dag.py","logger":"airflow.models.dagbag.DagBag"}
{"timestamp":"2025-08-04T21:45:40.737317","level":"info","event":"Filling up the DagBag from /opt/airflow/dags/another_dag.py","logger":"airflow.models.dagbag.DagBag"}
{"timestamp":"2025-08-04T21:46:11.431426","level":"info","event":"Filling up the DagBag from /opt/airflow/dags/another_dag.py","logger":"airflow.models.dagbag.DagBag"}
{"timestamp":"2025-08-04T21:46:42.148426","level":"info","event":"Filling up the DagBag from /opt/airflow/dags/another_dag.py","logger":"airflow.models.dagbag.DagBag"}
{"timestamp":"2025-08-04T21:47:12.870571","level":"info","event":"Filling up the DagBag from /opt/airflow/dags/another_dag.py","logger":"airflow.models.dagbag.DagBag"}
{"timestamp":"2025-08-04T21:47:43.653212","level":"info","event":"Filling up the DagBag from /opt/airflow/dags/another_dag.py","logger":"airflow.models.dagbag.DagBag"}
{"timestamp":"2025-08-04T21:48:14.397395","level":"info","event":"Filling up the DagBag from /opt/airflow/dags/another_dag.py","logger":"airflow.models.dagbag.DagBag"}
{"timestamp":"2025-08-04T21:48:45.177218","level":"info","event":"Filling up the DagBag from /opt/airflow/dags/another_dag.py","logger":"airflow.models.dagbag.DagBag"}
{"timestamp":"2025-08-04T21:48:55.782471","level":"info","event":"Filling up the DagBag from /opt/airflow/dags/another_dag.py","logger":"airflow.models.dagbag.DagBag"}
{"timestamp":"2025-08-04T21:49:02.939240","level":"info","event":"Filling up the DagBag from /opt/airflow/dags/another_dag.py","logger":"airflow.models.dagbag.DagBag"}
{"timestamp":"2025-08-04T21:49:33.696043","level":"info","event":"Filling up the DagBag from /opt/airflow/dags/another_dag.py","logger":"airflow.models.dagbag.DagBag"}
{"timestamp":"2025-08-04T21:50:04.419959","level":"info","event":"Filling up the DagBag from /opt/airflow/dags/another_dag.py","logger":"airflow.models.dagbag.DagBag"}
{"timestamp":"2025-08-04T21:50:35.148133","level":"info","event":"Filling up the DagBag from /opt/airflow/dags/another_dag.py","logger":"airflow.models.dagbag.DagBag"}
{"timestamp":"2025-08-04T21:51:05.927413","level":"info","event":"Filling up the DagBag from /opt/airflow/dags/another_dag.py","logger":"airflow.models.dagbag.DagBag"}
{"timestamp":"2025-08-04T21:51:36.625077","level":"info","event":"Filling up the DagBag from /opt/airflow/dags/another_dag.py","logger":"airflow.models.dagbag.DagBag"}
{"timestamp":"2025-08-04T21:52:07.324029","level":"info","event":"Filling up the DagBag from /opt/airflow/dags/another_dag.py","logger":"airflow.models.dagbag.DagBag"}
{"timestamp":"2025-08-04T21:52:38.088063","level":"info","event":"Filling up the DagBag from /opt/airflow/dags/another_dag.py","logger":"airflow.models.dagbag.DagBag"}
{"timestamp":"2025-08-04T21:53:08.810761","level":"info","event":"Filling up the DagBag from /opt/airflow/dags/another_dag.py","logger":"airflow.models.dagbag.DagBag"}
{"timestamp":"2025-08-04T21:53:39.536519","level":"info","event":"Filling up the DagBag from /opt/airflow/dags/another_dag.py","logger":"airflow.models.dagbag.DagBag"}
{"timestamp":"2025-08-04T21:54:10.273746","level":"info","event":"Filling up the DagBag from /opt/airflow/dags/another_dag.py","logger":"airflow.models.dagbag.DagBag"}
{"timestamp":"2025-08-04T21:54:38.331427","level":"info","event":"Filling up the DagBag from /opt/airflow/dags/another_dag.py","logger":"airflow.models.dagbag.DagBag"}
{"timestamp":"2025-08-04T21:55:09.115764","level":"info","event":"Filling up the DagBag from /opt/airflow/dags/another_dag.py","logger":"airflow.models.dagbag.DagBag"}
{"timestamp":"2025-08-04T21:55:39.848303","level":"info","event":"Filling up the DagBag from /opt/airflow/dags/another_dag.py","logger":"airflow.models.dagbag.DagBag"}
{"timestamp":"2025-08-04T21:56:09.970722","level":"info","event":"Filling up the DagBag from /opt/airflow/dags/another_dag.py","logger":"airflow.models.dagbag.DagBag"}
{"timestamp":"2025-08-04T21:56:40.738019","level":"info","event":"Filling up the DagBag from /opt/airflow/dags/another_dag.py","logger":"airflow.models.dagbag.DagBag"}
{"timestamp":"2025-08-04T21:57:11.680313","level":"info","event":"Filling up the DagBag from /opt/airflow/dags/another_dag.py","logger":"airflow.models.dagbag.DagBag"}
{"timestamp":"2025-08-04T21:57:42.448957","level":"info","event":"Filling up the DagBag from /opt/airflow/dags/another_dag.py","logger":"airflow.models.dagbag.DagBag"}
{"timestamp":"2025-08-04T21:58:13.179957","level":"info","event":"Filling up the DagBag from /opt/airflow/dags/another_dag.py","logger":"airflow.models.dagbag.DagBag"}
{"timestamp":"2025-08-04T21:58:43.285354","level":"info","event":"Filling up the DagBag from /opt/airflow/dags/another_dag.py","logger":"airflow.models.dagbag.DagBag"}
{"timestamp":"2025-08-04T21:59:14.010522","level":"info","event":"Filling up the DagBag from /opt/airflow/dags/another_dag.py","logger":"airflow.models.dagbag.DagBag"}
{"timestamp":"2025-08-04T21:59:45.008420","level":"info","event":"Filling up the DagBag from /opt/airflow/dags/another_dag.py","logger":"airflow.models.dagbag.DagBag"}
{"timestamp":"2025-08-04T22:00:15.829413","level":"info","event":"Filling up the DagBag from /opt/airflow/dags/another_dag.py","logger":"airflow.models.dagbag.DagBag"}
{"timestamp":"2025-08-04T22:00:46.641918","level":"info","event":"Filling up the DagBag from /opt/airflow/dags/another_dag.py","logger":"airflow.models.dagbag.DagBag"}
{"timestamp":"2025-08-04T22:01:17.619054","level":"info","event":"Filling up the DagBag from /opt/airflow/dags/another_dag.py","logger":"airflow.models.dagbag.DagBag"}
{"timestamp":"2025-08-04T22:01:48.396108","level":"info","event":"Filling up the DagBag from /opt/airflow/dags/another_dag.py","logger":"airflow.models.dagbag.DagBag"}
{"timestamp":"2025-08-04T22:02:19.399505","level":"info","event":"Filling up the DagBag from /opt/airflow/dags/another_dag.py","logger":"airflow.models.dagbag.DagBag"}
{"timestamp":"2025-08-04T22:02:50.264090","level":"info","event":"Filling up the DagBag from /opt/airflow/dags/another_dag.py","logger":"airflow.models.dagbag.DagBag"}
{"timestamp":"2025-08-04T22:03:21.242366","level":"info","event":"Filling up the DagBag from /opt/airflow/dags/another_dag.py","logger":"airflow.models.dagbag.DagBag"}
{"timestamp":"2025-08-04T22:03:51.416928","level":"info","event":"Filling up the DagBag from /opt/airflow/dags/another_dag.py","logger":"airflow.models.dagbag.DagBag"}
{"timestamp":"2025-08-04T22:04:22.260418","level":"info","event":"Filling up the DagBag from /opt/airflow/dags/another_dag.py","logger":"airflow.models.dagbag.DagBag"}
{"timestamp":"2025-08-04T22:04:53.281885","level":"info","event":"Filling up the DagBag from /opt/airflow/dags/another_dag.py","logger":"airflow.models.dagbag.DagBag"}
{"timestamp":"2025-08-04T22:05:23.426974","level":"info","event":"Filling up the DagBag from /opt/airflow/dags/another_dag.py","logger":"airflow.models.dagbag.DagBag"}
{"timestamp":"2025-08-04T22:05:54.484856","level":"info","event":"Filling up the DagBag from /opt/airflow/dags/another_dag.py","logger":"airflow.models.dagbag.DagBag"}
{"timestamp":"2025-08-04T22:06:25.487432","level":"info","event":"Filling up the DagBag from /opt/airflow/dags/another_dag.py","logger":"airflow.models.dagbag.DagBag"}
{"timestamp":"2025-08-04T22:06:56.357270","level":"info","event":"Filling up the DagBag from /opt/airflow/dags/another_dag.py","logger":"airflow.models.dagbag.DagBag"}
{"timestamp":"2025-08-04T22:07:27.366206","level":"info","event":"Filling up the DagBag from /opt/airflow/dags/another_dag.py","logger":"airflow.models.dagbag.DagBag"}
{"timestamp":"2025-08-04T22:07:58.334540","level":"info","event":"Filling up the DagBag from /opt/airflow/dags/another_dag.py","logger":"airflow.models.dagbag.DagBag"}
{"timestamp":"2025-08-04T22:08:29.350930","level":"info","event":"Filling up the DagBag from /opt/airflow/dags/another_dag.py","logger":"airflow.models.dagbag.DagBag"}
{"timestamp":"2025-08-04T22:09:00.344649","level":"info","event":"Filling up the DagBag from /opt/airflow/dags/another_dag.py","logger":"airflow.models.dagbag.DagBag"}
{"timestamp":"2025-08-04T22:09:30.470929","level":"info","event":"Filling up the DagBag from /opt/airflow/dags/another_dag.py","logger":"airflow.models.dagbag.DagBag"}
{"timestamp":"2025-08-04T22:10:00.558706","level":"info","event":"Filling up the DagBag from /opt/airflow/dags/another_dag.py","logger":"airflow.models.dagbag.DagBag"}
{"timestamp":"2025-08-04T22:10:31.588848","level":"info","event":"Filling up the DagBag from /opt/airflow/dags/another_dag.py","logger":"airflow.models.dagbag.DagBag"}
{"timestamp":"2025-08-04T22:11:02.620209","level":"info","event":"Filling up the DagBag from /opt/airflow/dags/another_dag.py","logger":"airflow.models.dagbag.DagBag"}
{"timestamp":"2025-08-04T22:11:33.613983","level":"info","event":"Filling up the DagBag from /opt/airflow/dags/another_dag.py","logger":"airflow.models.dagbag.DagBag"}
{"timestamp":"2025-08-04T22:12:04.651927","level":"info","event":"Filling up the DagBag from /opt/airflow/dags/another_dag.py","logger":"airflow.models.dagbag.DagBag"}
{"timestamp":"2025-08-04T22:12:35.663678","level":"info","event":"Filling up the DagBag from /opt/airflow/dags/another_dag.py","logger":"airflow.models.dagbag.DagBag"}
{"timestamp":"2025-08-04T22:13:06.701706","level":"info","event":"Filling up the DagBag from /opt/airflow/dags/another_dag.py","logger":"airflow.models.dagbag.DagBag"}
{"timestamp":"2025-08-04T22:13:37.636289","level":"info","event":"Filling up the DagBag from /opt/airflow/dags/another_dag.py","logger":"airflow.models.dagbag.DagBag"}
{"timestamp":"2025-08-04T22:14:07.728829","level":"info","event":"Filling up the DagBag from /opt/airflow/dags/another_dag.py","logger":"airflow.models.dagbag.DagBag"}
{"timestamp":"2025-08-04T22:14:37.841920","level":"info","event":"Filling up the DagBag from /opt/airflow/dags/another_dag.py","logger":"airflow.models.dagbag.DagBag"}
{"timestamp":"2025-08-04T22:15:07.973747","level":"info","event":"Filling up the DagBag from /opt/airflow/dags/another_dag.py","logger":"airflow.models.dagbag.DagBag"}
{"timestamp":"2025-08-04T22:15:38.079534","level":"info","event":"Filling up the DagBag from /opt/airflow/dags/another_dag.py","logger":"airflow.models.dagbag.DagBag"}
{"timestamp":"2025-08-04T22:16:09.137295","level":"info","event":"Filling up the DagBag from /opt/airflow/dags/another_dag.py","logger":"airflow.models.dagbag.DagBag"}
{"timestamp":"2025-08-04T22:16:39.227652","level":"info","event":"Filling up the DagBag from /opt/airflow/dags/another_dag.py","logger":"airflow.models.dagbag.DagBag"}
{"timestamp":"2025-08-04T22:17:10.212847","level":"info","event":"Filling up the DagBag from /opt/airflow/dags/another_dag.py","logger":"airflow.models.dagbag.DagBag"}
{"timestamp":"2025-08-04T22:17:41.214540","level":"info","event":"Filling up the DagBag from /opt/airflow/dags/another_dag.py","logger":"airflow.models.dagbag.DagBag"}
{"timestamp":"2025-08-04T22:18:12.170911","level":"info","event":"Filling up the DagBag from /opt/airflow/dags/another_dag.py","logger":"airflow.models.dagbag.DagBag"}
{"timestamp":"2025-08-04T22:18:43.158671","level":"info","event":"Filling up the DagBag from /opt/airflow/dags/another_dag.py","logger":"airflow.models.dagbag.DagBag"}
{"timestamp":"2025-08-04T22:19:14.176005","level":"info","event":"Filling up the DagBag from /opt/airflow/dags/another_dag.py","logger":"airflow.models.dagbag.DagBag"}
{"timestamp":"2025-08-04T22:19:45.210655","level":"info","event":"Filling up the DagBag from /opt/airflow/dags/another_dag.py","logger":"airflow.models.dagbag.DagBag"}
{"timestamp":"2025-08-04T22:20:15.336752","level":"info","event":"Filling up the DagBag from /opt/airflow/dags/another_dag.py","logger":"airflow.models.dagbag.DagBag"}
{"timestamp":"2025-08-04T22:20:45.448918","level":"info","event":"Filling up the DagBag from /opt/airflow/dags/another_dag.py","logger":"airflow.models.dagbag.DagBag"}
{"timestamp":"2025-08-04T22:21:15.797903","level":"info","event":"Filling up the DagBag from /opt/airflow/dags/another_dag.py","logger":"airflow.models.dagbag.DagBag"}
{"timestamp":"2025-08-04T22:21:46.753351","level":"info","event":"Filling up the DagBag from /opt/airflow/dags/another_dag.py","logger":"airflow.models.dagbag.DagBag"}
{"timestamp":"2025-08-04T22:22:17.668117","level":"info","event":"Filling up the DagBag from /opt/airflow/dags/another_dag.py","logger":"airflow.models.dagbag.DagBag"}
{"timestamp":"2025-08-04T22:22:48.606580","level":"info","event":"Filling up the DagBag from /opt/airflow/dags/another_dag.py","logger":"airflow.models.dagbag.DagBag"}
{"timestamp":"2025-08-04T22:23:19.539985","level":"info","event":"Filling up the DagBag from /opt/airflow/dags/another_dag.py","logger":"airflow.models.dagbag.DagBag"}
{"timestamp":"2025-08-04T22:23:50.475862","level":"info","event":"Filling up the DagBag from /opt/airflow/dags/another_dag.py","logger":"airflow.models.dagbag.DagBag"}
{"timestamp":"2025-08-04T22:24:21.353478","level":"info","event":"Filling up the DagBag from /opt/airflow/dags/another_dag.py","logger":"airflow.models.dagbag.DagBag"}
{"timestamp":"2025-08-04T22:24:52.180295","level":"info","event":"Filling up the DagBag from /opt/airflow/dags/another_dag.py","logger":"airflow.models.dagbag.DagBag"}
{"timestamp":"2025-08-04T22:25:23.071500","level":"info","event":"Filling up the DagBag from /opt/airflow/dags/another_dag.py","logger":"airflow.models.dagbag.DagBag"}
{"timestamp":"2025-08-04T22:25:53.968820","level":"info","event":"Filling up the DagBag from /opt/airflow/dags/another_dag.py","logger":"airflow.models.dagbag.DagBag"}
{"timestamp":"2025-08-04T22:26:24.902404","level":"info","event":"Filling up the DagBag from /opt/airflow/dags/another_dag.py","logger":"airflow.models.dagbag.DagBag"}
{"timestamp":"2025-08-04T22:26:55.832870","level":"info","event":"Filling up the DagBag from /opt/airflow/dags/another_dag.py","logger":"airflow.models.dagbag.DagBag"}
{"timestamp":"2025-08-04T22:27:26.740987","level":"info","event":"Filling up the DagBag from /opt/airflow/dags/another_dag.py","logger":"airflow.models.dagbag.DagBag"}
{"timestamp":"2025-08-04T22:27:57.632990","level":"info","event":"Filling up the DagBag from /opt/airflow/dags/another_dag.py","logger":"airflow.models.dagbag.DagBag"}
{"timestamp":"2025-08-04T22:28:28.572956","level":"info","event":"Filling up the DagBag from /opt/airflow/dags/another_dag.py","logger":"airflow.models.dagbag.DagBag"}
{"timestamp":"2025-08-04T22:28:59.509637","level":"info","event":"Filling up the DagBag from /opt/airflow/dags/another_dag.py","logger":"airflow.models.dagbag.DagBag"}
{"timestamp":"2025-08-04T22:29:30.418955","level":"info","event":"Filling up the DagBag from /opt/airflow/dags/another_dag.py","logger":"airflow.models.dagbag.DagBag"}
{"timestamp":"2025-08-04T22:30:01.272639","level":"info","event":"Filling up the DagBag from /opt/airflow/dags/another_dag.py","logger":"airflow.models.dagbag.DagBag"}
{"timestamp":"2025-08-04T22:30:32.219358","level":"info","event":"Filling up the DagBag from /opt/airflow/dags/another_dag.py","logger":"airflow.models.dagbag.DagBag"}
{"timestamp":"2025-08-04T22:31:03.090275","level":"info","event":"Filling up the DagBag from /opt/airflow/dags/another_dag.py","logger":"airflow.models.dagbag.DagBag"}
{"timestamp":"2025-08-04T22:31:34.053034","level":"info","event":"Filling up the DagBag from /opt/airflow/dags/another_dag.py","logger":"airflow.models.dagbag.DagBag"}
{"timestamp":"2025-08-04T22:32:04.941587","level":"info","event":"Filling up the DagBag from /opt/airflow/dags/another_dag.py","logger":"airflow.models.dagbag.DagBag"}
{"timestamp":"2025-08-04T22:32:35.847921","level":"info","event":"Filling up the DagBag from /opt/airflow/dags/another_dag.py","logger":"airflow.models.dagbag.DagBag"}
{"timestamp":"2025-08-04T22:33:06.685541","level":"info","event":"Filling up the DagBag from /opt/airflow/dags/another_dag.py","logger":"airflow.models.dagbag.DagBag"}
{"timestamp":"2025-08-04T22:33:37.495494","level":"info","event":"Filling up the DagBag from /opt/airflow/dags/another_dag.py","logger":"airflow.models.dagbag.DagBag"}
{"timestamp":"2025-08-04T22:34:08.339717","level":"info","event":"Filling up the DagBag from /opt/airflow/dags/another_dag.py","logger":"airflow.models.dagbag.DagBag"}
{"timestamp":"2025-08-04T22:34:39.148893","level":"info","event":"Filling up the DagBag from /opt/airflow/dags/another_dag.py","logger":"airflow.models.dagbag.DagBag"}
{"timestamp":"2025-08-04T22:35:10.020688","level":"info","event":"Filling up the DagBag from /opt/airflow/dags/another_dag.py","logger":"airflow.models.dagbag.DagBag"}
{"timestamp":"2025-08-04T22:35:40.909234","level":"info","event":"Filling up the DagBag from /opt/airflow/dags/another_dag.py","logger":"airflow.models.dagbag.DagBag"}
{"timestamp":"2025-08-04T22:36:11.828985","level":"info","event":"Filling up the DagBag from /opt/airflow/dags/another_dag.py","logger":"airflow.models.dagbag.DagBag"}
{"timestamp":"2025-08-04T22:36:42.651816","level":"info","event":"Filling up the DagBag from /opt/airflow/dags/another_dag.py","logger":"airflow.models.dagbag.DagBag"}
{"timestamp":"2025-08-04T22:37:13.474804","level":"info","event":"Filling up the DagBag from /opt/airflow/dags/another_dag.py","logger":"airflow.models.dagbag.DagBag"}
{"timestamp":"2025-08-04T22:37:44.351446","level":"info","event":"Filling up the DagBag from /opt/airflow/dags/another_dag.py","logger":"airflow.models.dagbag.DagBag"}
{"timestamp":"2025-08-04T22:38:15.367920","level":"info","event":"Filling up the DagBag from /opt/airflow/dags/another_dag.py","logger":"airflow.models.dagbag.DagBag"}
{"timestamp":"2025-08-04T22:38:46.336109","level":"info","event":"Filling up the DagBag from /opt/airflow/dags/another_dag.py","logger":"airflow.models.dagbag.DagBag"}
{"timestamp":"2025-08-04T22:39:16.433845","level":"info","event":"Filling up the DagBag from /opt/airflow/dags/another_dag.py","logger":"airflow.models.dagbag.DagBag"}
{"timestamp":"2025-08-04T22:39:47.423244","level":"info","event":"Filling up the DagBag from /opt/airflow/dags/another_dag.py","logger":"airflow.models.dagbag.DagBag"}
{"timestamp":"2025-08-04T22:40:18.438268","level":"info","event":"Filling up the DagBag from /opt/airflow/dags/another_dag.py","logger":"airflow.models.dagbag.DagBag"}
{"timestamp":"2025-08-04T22:40:49.416879","level":"info","event":"Filling up the DagBag from /opt/airflow/dags/another_dag.py","logger":"airflow.models.dagbag.DagBag"}
{"timestamp":"2025-08-04T22:41:20.385049","level":"info","event":"Filling up the DagBag from /opt/airflow/dags/another_dag.py","logger":"airflow.models.dagbag.DagBag"}
{"timestamp":"2025-08-04T22:41:51.383371","level":"info","event":"Filling up the DagBag from /opt/airflow/dags/another_dag.py","logger":"airflow.models.dagbag.DagBag"}
{"timestamp":"2025-08-04T22:42:22.315494","level":"info","event":"Filling up the DagBag from /opt/airflow/dags/another_dag.py","logger":"airflow.models.dagbag.DagBag"}
{"timestamp":"2025-08-04T22:42:53.337654","level":"info","event":"Filling up the DagBag from /opt/airflow/dags/another_dag.py","logger":"airflow.models.dagbag.DagBag"}
{"timestamp":"2025-08-04T22:43:23.442454","level":"info","event":"Filling up the DagBag from /opt/airflow/dags/another_dag.py","logger":"airflow.models.dagbag.DagBag"}
{"timestamp":"2025-08-04T22:43:53.550200","level":"info","event":"Filling up the DagBag from /opt/airflow/dags/another_dag.py","logger":"airflow.models.dagbag.DagBag"}
{"timestamp":"2025-08-04T22:44:23.667662","level":"info","event":"Filling up the DagBag from /opt/airflow/dags/another_dag.py","logger":"airflow.models.dagbag.DagBag"}
{"timestamp":"2025-08-04T22:44:53.753822","level":"info","event":"Filling up the DagBag from /opt/airflow/dags/another_dag.py","logger":"airflow.models.dagbag.DagBag"}
{"timestamp":"2025-08-04T22:45:24.754650","level":"info","event":"Filling up the DagBag from /opt/airflow/dags/another_dag.py","logger":"airflow.models.dagbag.DagBag"}
{"timestamp":"2025-08-04T22:45:54.861740","level":"info","event":"Filling up the DagBag from /opt/airflow/dags/another_dag.py","logger":"airflow.models.dagbag.DagBag"}
{"timestamp":"2025-08-04T22:46:25.818231","level":"info","event":"Filling up the DagBag from /opt/airflow/dags/another_dag.py","logger":"airflow.models.dagbag.DagBag"}
{"timestamp":"2025-08-04T22:46:56.833743","level":"info","event":"Filling up the DagBag from /opt/airflow/dags/another_dag.py","logger":"airflow.models.dagbag.DagBag"}
{"timestamp":"2025-08-04T22:47:27.831637","level":"info","event":"Filling up the DagBag from /opt/airflow/dags/another_dag.py","logger":"airflow.models.dagbag.DagBag"}
{"timestamp":"2025-08-04T22:47:58.828342","level":"info","event":"Filling up the DagBag from /opt/airflow/dags/another_dag.py","logger":"airflow.models.dagbag.DagBag"}
{"timestamp":"2025-08-04T22:48:29.837723","level":"info","event":"Filling up the DagBag from /opt/airflow/dags/another_dag.py","logger":"airflow.models.dagbag.DagBag"}
{"timestamp":"2025-08-04T22:49:00.823705","level":"info","event":"Filling up the DagBag from /opt/airflow/dags/another_dag.py","logger":"airflow.models.dagbag.DagBag"}
{"timestamp":"2025-08-04T22:49:31.761985","level":"info","event":"Filling up the DagBag from /opt/airflow/dags/another_dag.py","logger":"airflow.models.dagbag.DagBag"}
{"timestamp":"2025-08-04T22:50:02.696804","level":"info","event":"Filling up the DagBag from /opt/airflow/dags/another_dag.py","logger":"airflow.models.dagbag.DagBag"}
{"timestamp":"2025-08-04T22:50:33.637243","level":"info","event":"Filling up the DagBag from /opt/airflow/dags/another_dag.py","logger":"airflow.models.dagbag.DagBag"}
{"timestamp":"2025-08-04T22:51:04.626925","level":"info","event":"Filling up the DagBag from /opt/airflow/dags/another_dag.py","logger":"airflow.models.dagbag.DagBag"}
{"timestamp":"2025-08-04T22:51:35.573736","level":"info","event":"Filling up the DagBag from /opt/airflow/dags/another_dag.py","logger":"airflow.models.dagbag.DagBag"}
{"timestamp":"2025-08-04T22:52:06.523664","level":"info","event":"Filling up the DagBag from /opt/airflow/dags/another_dag.py","logger":"airflow.models.dagbag.DagBag"}
{"timestamp":"2025-08-04T22:52:37.434157","level":"info","event":"Filling up the DagBag from /opt/airflow/dags/another_dag.py","logger":"airflow.models.dagbag.DagBag"}
{"timestamp":"2025-08-04T22:53:08.361718","level":"info","event":"Filling up the DagBag from /opt/airflow/dags/another_dag.py","logger":"airflow.models.dagbag.DagBag"}
{"timestamp":"2025-08-04T22:53:39.344747","level":"info","event":"Filling up the DagBag from /opt/airflow/dags/another_dag.py","logger":"airflow.models.dagbag.DagBag"}
{"timestamp":"2025-08-04T22:54:09.477362","level":"info","event":"Filling up the DagBag from /opt/airflow/dags/another_dag.py","logger":"airflow.models.dagbag.DagBag"}
{"timestamp":"2025-08-04T22:54:40.452578","level":"info","event":"Filling up the DagBag from /opt/airflow/dags/another_dag.py","logger":"airflow.models.dagbag.DagBag"}
{"timestamp":"2025-08-04T22:55:11.413744","level":"info","event":"Filling up the DagBag from /opt/airflow/dags/another_dag.py","logger":"airflow.models.dagbag.DagBag"}
{"timestamp":"2025-08-04T22:55:42.434784","level":"info","event":"Filling up the DagBag from /opt/airflow/dags/another_dag.py","logger":"airflow.models.dagbag.DagBag"}
{"timestamp":"2025-08-04T22:56:13.395903","level":"info","event":"Filling up the DagBag from /opt/airflow/dags/another_dag.py","logger":"airflow.models.dagbag.DagBag"}
{"timestamp":"2025-08-04T22:56:44.397508","level":"info","event":"Filling up the DagBag from /opt/airflow/dags/another_dag.py","logger":"airflow.models.dagbag.DagBag"}
{"timestamp":"2025-08-04T22:57:14.495697","level":"info","event":"Filling up the DagBag from /opt/airflow/dags/another_dag.py","logger":"airflow.models.dagbag.DagBag"}
{"timestamp":"2025-08-04T22:57:44.613469","level":"info","event":"Filling up the DagBag from /opt/airflow/dags/another_dag.py","logger":"airflow.models.dagbag.DagBag"}
{"timestamp":"2025-08-04T22:58:14.742578","level":"info","event":"Filling up the DagBag from /opt/airflow/dags/another_dag.py","logger":"airflow.models.dagbag.DagBag"}
{"timestamp":"2025-08-04T22:58:45.715136","level":"info","event":"Filling up the DagBag from /opt/airflow/dags/another_dag.py","logger":"airflow.models.dagbag.DagBag"}
{"timestamp":"2025-08-04T22:59:16.696543","level":"info","event":"Filling up the DagBag from /opt/airflow/dags/another_dag.py","logger":"airflow.models.dagbag.DagBag"}
{"timestamp":"2025-08-04T22:59:47.689432","level":"info","event":"Filling up the DagBag from /opt/airflow/dags/another_dag.py","logger":"airflow.models.dagbag.DagBag"}
{"timestamp":"2025-08-04T23:00:18.695793","level":"info","event":"Filling up the DagBag from /opt/airflow/dags/another_dag.py","logger":"airflow.models.dagbag.DagBag"}
{"timestamp":"2025-08-04T23:00:49.679545","level":"info","event":"Filling up the DagBag from /opt/airflow/dags/another_dag.py","logger":"airflow.models.dagbag.DagBag"}
{"timestamp":"2025-08-04T23:01:20.665520","level":"info","event":"Filling up the DagBag from /opt/airflow/dags/another_dag.py","logger":"airflow.models.dagbag.DagBag"}
{"timestamp":"2025-08-04T23:01:51.607511","level":"info","event":"Filling up the DagBag from /opt/airflow/dags/another_dag.py","logger":"airflow.models.dagbag.DagBag"}
{"timestamp":"2025-08-04T23:02:22.547260","level":"info","event":"Filling up the DagBag from /opt/airflow/dags/another_dag.py","logger":"airflow.models.dagbag.DagBag"}
{"timestamp":"2025-08-04T23:02:53.568335","level":"info","event":"Filling up the DagBag from /opt/airflow/dags/another_dag.py","logger":"airflow.models.dagbag.DagBag"}
{"timestamp":"2025-08-04T23:03:23.731586","level":"info","event":"Filling up the DagBag from /opt/airflow/dags/another_dag.py","logger":"airflow.models.dagbag.DagBag"}
{"timestamp":"2025-08-04T23:03:53.828756","level":"info","event":"Filling up the DagBag from /opt/airflow/dags/another_dag.py","logger":"airflow.models.dagbag.DagBag"}
{"timestamp":"2025-08-04T23:04:23.918657","level":"info","event":"Filling up the DagBag from /opt/airflow/dags/another_dag.py","logger":"airflow.models.dagbag.DagBag"}
{"timestamp":"2025-08-04T23:04:54.897604","level":"info","event":"Filling up the DagBag from /opt/airflow/dags/another_dag.py","logger":"airflow.models.dagbag.DagBag"}
{"timestamp":"2025-08-04T23:05:25.858819","level":"info","event":"Filling up the DagBag from /opt/airflow/dags/another_dag.py","logger":"airflow.models.dagbag.DagBag"}
{"timestamp":"2025-08-04T23:05:55.935649","level":"info","event":"Filling up the DagBag from /opt/airflow/dags/another_dag.py","logger":"airflow.models.dagbag.DagBag"}
{"timestamp":"2025-08-04T23:06:26.884429","level":"info","event":"Filling up the DagBag from /opt/airflow/dags/another_dag.py","logger":"airflow.models.dagbag.DagBag"}
{"timestamp":"2025-08-04T23:06:57.811815","level":"info","event":"Filling up the DagBag from /opt/airflow/dags/another_dag.py","logger":"airflow.models.dagbag.DagBag"}
{"timestamp":"2025-08-04T23:07:28.769518","level":"info","event":"Filling up the DagBag from /opt/airflow/dags/another_dag.py","logger":"airflow.models.dagbag.DagBag"}
{"timestamp":"2025-08-04T23:07:59.702440","level":"info","event":"Filling up the DagBag from /opt/airflow/dags/another_dag.py","logger":"airflow.models.dagbag.DagBag"}
{"timestamp":"2025-08-04T23:08:30.620210","level":"info","event":"Filling up the DagBag from /opt/airflow/dags/another_dag.py","logger":"airflow.models.dagbag.DagBag"}
{"timestamp":"2025-08-04T23:09:01.606803","level":"info","event":"Filling up the DagBag from /opt/airflow/dags/another_dag.py","logger":"airflow.models.dagbag.DagBag"}
{"timestamp":"2025-08-04T23:09:32.573369","level":"info","event":"Filling up the DagBag from /opt/airflow/dags/another_dag.py","logger":"airflow.models.dagbag.DagBag"}
{"timestamp":"2025-08-04T23:10:02.759585","level":"info","event":"Filling up the DagBag from /opt/airflow/dags/another_dag.py","logger":"airflow.models.dagbag.DagBag"}
{"timestamp":"2025-08-04T23:10:32.886665","level":"info","event":"Filling up the DagBag from /opt/airflow/dags/another_dag.py","logger":"airflow.models.dagbag.DagBag"}
{"timestamp":"2025-08-04T23:11:03.860496","level":"info","event":"Filling up the DagBag from /opt/airflow/dags/another_dag.py","logger":"airflow.models.dagbag.DagBag"}
{"timestamp":"2025-08-04T23:11:33.948759","level":"info","event":"Filling up the DagBag from /opt/airflow/dags/another_dag.py","logger":"airflow.models.dagbag.DagBag"}
{"timestamp":"2025-08-04T23:12:04.048262","level":"info","event":"Filling up the DagBag from /opt/airflow/dags/another_dag.py","logger":"airflow.models.dagbag.DagBag"}
{"timestamp":"2025-08-04T23:12:34.161890","level":"info","event":"Filling up the DagBag from /opt/airflow/dags/another_dag.py","logger":"airflow.models.dagbag.DagBag"}
{"timestamp":"2025-08-04T23:13:05.174722","level":"info","event":"Filling up the DagBag from /opt/airflow/dags/another_dag.py","logger":"airflow.models.dagbag.DagBag"}
{"timestamp":"2025-08-04T23:13:36.152009","level":"info","event":"Filling up the DagBag from /opt/airflow/dags/another_dag.py","logger":"airflow.models.dagbag.DagBag"}
{"timestamp":"2025-08-04T23:14:07.128599","level":"info","event":"Filling up the DagBag from /opt/airflow/dags/another_dag.py","logger":"airflow.models.dagbag.DagBag"}
{"timestamp":"2025-08-04T23:14:38.137804","level":"info","event":"Filling up the DagBag from /opt/airflow/dags/another_dag.py","logger":"airflow.models.dagbag.DagBag"}
{"timestamp":"2025-08-04T23:15:08.250351","level":"info","event":"Filling up the DagBag from /opt/airflow/dags/another_dag.py","logger":"airflow.models.dagbag.DagBag"}
{"timestamp":"2025-08-04T23:15:39.247195","level":"info","event":"Filling up the DagBag from /opt/airflow/dags/another_dag.py","logger":"airflow.models.dagbag.DagBag"}
{"timestamp":"2025-08-04T23:16:10.194172","level":"info","event":"Filling up the DagBag from /opt/airflow/dags/another_dag.py","logger":"airflow.models.dagbag.DagBag"}
{"timestamp":"2025-08-04T23:16:40.714575","level":"info","event":"Filling up the DagBag from /opt/airflow/dags/another_dag.py","logger":"airflow.models.dagbag.DagBag"}
{"timestamp":"2025-08-04T23:17:10.821019","level":"info","event":"Filling up the DagBag from /opt/airflow/dags/another_dag.py","logger":"airflow.models.dagbag.DagBag"}
{"timestamp":"2025-08-04T23:17:41.782086","level":"info","event":"Filling up the DagBag from /opt/airflow/dags/another_dag.py","logger":"airflow.models.dagbag.DagBag"}
{"timestamp":"2025-08-04T23:18:12.763945","level":"info","event":"Filling up the DagBag from /opt/airflow/dags/another_dag.py","logger":"airflow.models.dagbag.DagBag"}
{"timestamp":"2025-08-04T23:18:42.849041","level":"info","event":"Filling up the DagBag from /opt/airflow/dags/another_dag.py","logger":"airflow.models.dagbag.DagBag"}
{"timestamp":"2025-08-04T23:19:13.841278","level":"info","event":"Filling up the DagBag from /opt/airflow/dags/another_dag.py","logger":"airflow.models.dagbag.DagBag"}
{"timestamp":"2025-08-04T23:19:44.817465","level":"info","event":"Filling up the DagBag from /opt/airflow/dags/another_dag.py","logger":"airflow.models.dagbag.DagBag"}
{"timestamp":"2025-08-04T23:20:15.779684","level":"info","event":"Filling up the DagBag from /opt/airflow/dags/another_dag.py","logger":"airflow.models.dagbag.DagBag"}
{"timestamp":"2025-08-04T23:20:46.793867","level":"info","event":"Filling up the DagBag from /opt/airflow/dags/another_dag.py","logger":"airflow.models.dagbag.DagBag"}
{"timestamp":"2025-08-04T23:21:17.778036","level":"info","event":"Filling up the DagBag from /opt/airflow/dags/another_dag.py","logger":"airflow.models.dagbag.DagBag"}
{"timestamp":"2025-08-04T23:21:48.749959","level":"info","event":"Filling up the DagBag from /opt/airflow/dags/another_dag.py","logger":"airflow.models.dagbag.DagBag"}
{"timestamp":"2025-08-04T23:22:18.855312","level":"info","event":"Filling up the DagBag from /opt/airflow/dags/another_dag.py","logger":"airflow.models.dagbag.DagBag"}
{"timestamp":"2025-08-04T23:22:48.975348","level":"info","event":"Filling up the DagBag from /opt/airflow/dags/another_dag.py","logger":"airflow.models.dagbag.DagBag"}
{"timestamp":"2025-08-04T23:23:19.960426","level":"info","event":"Filling up the DagBag from /opt/airflow/dags/another_dag.py","logger":"airflow.models.dagbag.DagBag"}
{"timestamp":"2025-08-04T23:23:51.037412","level":"info","event":"Filling up the DagBag from /opt/airflow/dags/another_dag.py","logger":"airflow.models.dagbag.DagBag"}
{"timestamp":"2025-08-04T23:24:21.206980","level":"info","event":"Filling up the DagBag from /opt/airflow/dags/another_dag.py","logger":"airflow.models.dagbag.DagBag"}
{"timestamp":"2025-08-04T23:24:51.310770","level":"info","event":"Filling up the DagBag from /opt/airflow/dags/another_dag.py","logger":"airflow.models.dagbag.DagBag"}
{"timestamp":"2025-08-04T23:25:22.310901","level":"info","event":"Filling up the DagBag from /opt/airflow/dags/another_dag.py","logger":"airflow.models.dagbag.DagBag"}
{"timestamp":"2025-08-04T23:25:53.298674","level":"info","event":"Filling up the DagBag from /opt/airflow/dags/another_dag.py","logger":"airflow.models.dagbag.DagBag"}
{"timestamp":"2025-08-04T23:26:24.257905","level":"info","event":"Filling up the DagBag from /opt/airflow/dags/another_dag.py","logger":"airflow.models.dagbag.DagBag"}
{"timestamp":"2025-08-04T23:26:55.231093","level":"info","event":"Filling up the DagBag from /opt/airflow/dags/another_dag.py","logger":"airflow.models.dagbag.DagBag"}
{"timestamp":"2025-08-04T23:27:26.221460","level":"info","event":"Filling up the DagBag from /opt/airflow/dags/another_dag.py","logger":"airflow.models.dagbag.DagBag"}
{"timestamp":"2025-08-04T23:27:57.194263","level":"info","event":"Filling up the DagBag from /opt/airflow/dags/another_dag.py","logger":"airflow.models.dagbag.DagBag"}
{"timestamp":"2025-08-04T23:28:28.095245","level":"info","event":"Filling up the DagBag from /opt/airflow/dags/another_dag.py","logger":"airflow.models.dagbag.DagBag"}
{"timestamp":"2025-08-04T23:28:59.088037","level":"info","event":"Filling up the DagBag from /opt/airflow/dags/another_dag.py","logger":"airflow.models.dagbag.DagBag"}
{"timestamp":"2025-08-04T23:29:30.050650","level":"info","event":"Filling up the DagBag from /opt/airflow/dags/another_dag.py","logger":"airflow.models.dagbag.DagBag"}
{"timestamp":"2025-08-04T23:30:00.964796","level":"info","event":"Filling up the DagBag from /opt/airflow/dags/another_dag.py","logger":"airflow.models.dagbag.DagBag"}
{"timestamp":"2025-08-04T23:30:31.898687","level":"info","event":"Filling up the DagBag from /opt/airflow/dags/another_dag.py","logger":"airflow.models.dagbag.DagBag"}
{"timestamp":"2025-08-04T23:31:02.821370","level":"info","event":"Filling up the DagBag from /opt/airflow/dags/another_dag.py","logger":"airflow.models.dagbag.DagBag"}
{"timestamp":"2025-08-04T23:31:33.756663","level":"info","event":"Filling up the DagBag from /opt/airflow/dags/another_dag.py","logger":"airflow.models.dagbag.DagBag"}
{"timestamp":"2025-08-04T23:32:04.673912","level":"info","event":"Filling up the DagBag from /opt/airflow/dags/another_dag.py","logger":"airflow.models.dagbag.DagBag"}
{"timestamp":"2025-08-04T23:32:35.593489","level":"info","event":"Filling up the DagBag from /opt/airflow/dags/another_dag.py","logger":"airflow.models.dagbag.DagBag"}
{"timestamp":"2025-08-04T23:33:06.547490","level":"info","event":"Filling up the DagBag from /opt/airflow/dags/another_dag.py","logger":"airflow.models.dagbag.DagBag"}
{"timestamp":"2025-08-04T23:33:37.463504","level":"info","event":"Filling up the DagBag from /opt/airflow/dags/another_dag.py","logger":"airflow.models.dagbag.DagBag"}
{"timestamp":"2025-08-04T23:34:08.413026","level":"info","event":"Filling up the DagBag from /opt/airflow/dags/another_dag.py","logger":"airflow.models.dagbag.DagBag"}
{"timestamp":"2025-08-04T23:34:39.346474","level":"info","event":"Filling up the DagBag from /opt/airflow/dags/another_dag.py","logger":"airflow.models.dagbag.DagBag"}
{"timestamp":"2025-08-04T23:35:10.221334","level":"info","event":"Filling up the DagBag from /opt/airflow/dags/another_dag.py","logger":"airflow.models.dagbag.DagBag"}
{"timestamp":"2025-08-04T23:35:41.199106","level":"info","event":"Filling up the DagBag from /opt/airflow/dags/another_dag.py","logger":"airflow.models.dagbag.DagBag"}
{"timestamp":"2025-08-04T23:36:12.215529","level":"info","event":"Filling up the DagBag from /opt/airflow/dags/another_dag.py","logger":"airflow.models.dagbag.DagBag"}
{"timestamp":"2025-08-04T23:36:43.151601","level":"info","event":"Filling up the DagBag from /opt/airflow/dags/another_dag.py","logger":"airflow.models.dagbag.DagBag"}
{"timestamp":"2025-08-04T23:37:14.088493","level":"info","event":"Filling up the DagBag from /opt/airflow/dags/another_dag.py","logger":"airflow.models.dagbag.DagBag"}
{"timestamp":"2025-08-04T23:37:45.000313","level":"info","event":"Filling up the DagBag from /opt/airflow/dags/another_dag.py","logger":"airflow.models.dagbag.DagBag"}
{"timestamp":"2025-08-04T23:38:15.968934","level":"info","event":"Filling up the DagBag from /opt/airflow/dags/another_dag.py","logger":"airflow.models.dagbag.DagBag"}
{"timestamp":"2025-08-04T23:38:46.864935","level":"info","event":"Filling up the DagBag from /opt/airflow/dags/another_dag.py","logger":"airflow.models.dagbag.DagBag"}
{"timestamp":"2025-08-04T23:39:16.940863","level":"info","event":"Filling up the DagBag from /opt/airflow/dags/another_dag.py","logger":"airflow.models.dagbag.DagBag"}
{"timestamp":"2025-08-04T23:39:47.934769","level":"info","event":"Filling up the DagBag from /opt/airflow/dags/another_dag.py","logger":"airflow.models.dagbag.DagBag"}
{"timestamp":"2025-08-04T23:40:18.015791","level":"info","event":"Filling up the DagBag from /opt/airflow/dags/another_dag.py","logger":"airflow.models.dagbag.DagBag"}
{"timestamp":"2025-08-04T23:40:48.123571","level":"info","event":"Filling up the DagBag from /opt/airflow/dags/another_dag.py","logger":"airflow.models.dagbag.DagBag"}
{"timestamp":"2025-08-04T23:41:18.527141","level":"info","event":"Filling up the DagBag from /opt/airflow/dags/another_dag.py","logger":"airflow.models.dagbag.DagBag"}
{"timestamp":"2025-08-04T23:41:49.480095","level":"info","event":"Filling up the DagBag from /opt/airflow/dags/another_dag.py","logger":"airflow.models.dagbag.DagBag"}
{"timestamp":"2025-08-04T23:42:19.613088","level":"info","event":"Filling up the DagBag from /opt/airflow/dags/another_dag.py","logger":"airflow.models.dagbag.DagBag"}
{"timestamp":"2025-08-04T23:42:50.645534","level":"info","event":"Filling up the DagBag from /opt/airflow/dags/another_dag.py","logger":"airflow.models.dagbag.DagBag"}
{"timestamp":"2025-08-04T23:43:20.756328","level":"info","event":"Filling up the DagBag from /opt/airflow/dags/another_dag.py","logger":"airflow.models.dagbag.DagBag"}
{"timestamp":"2025-08-04T23:43:51.747775","level":"info","event":"Filling up the DagBag from /opt/airflow/dags/another_dag.py","logger":"airflow.models.dagbag.DagBag"}
{"timestamp":"2025-08-04T23:44:21.915471","level":"info","event":"Filling up the DagBag from /opt/airflow/dags/another_dag.py","logger":"airflow.models.dagbag.DagBag"}
{"timestamp":"2025-08-04T23:44:52.020006","level":"info","event":"Filling up the DagBag from /opt/airflow/dags/another_dag.py","logger":"airflow.models.dagbag.DagBag"}
{"timestamp":"2025-08-04T23:45:23.041894","level":"info","event":"Filling up the DagBag from /opt/airflow/dags/another_dag.py","logger":"airflow.models.dagbag.DagBag"}
{"timestamp":"2025-08-04T23:45:54.041301","level":"info","event":"Filling up the DagBag from /opt/airflow/dags/another_dag.py","logger":"airflow.models.dagbag.DagBag"}
{"timestamp":"2025-08-04T23:46:25.046929","level":"info","event":"Filling up the DagBag from /opt/airflow/dags/another_dag.py","logger":"airflow.models.dagbag.DagBag"}
{"timestamp":"2025-08-04T23:46:56.037229","level":"info","event":"Filling up the DagBag from /opt/airflow/dags/another_dag.py","logger":"airflow.models.dagbag.DagBag"}
{"timestamp":"2025-08-04T23:47:27.011195","level":"info","event":"Filling up the DagBag from /opt/airflow/dags/another_dag.py","logger":"airflow.models.dagbag.DagBag"}
{"timestamp":"2025-08-04T23:47:57.966166","level":"info","event":"Filling up the DagBag from /opt/airflow/dags/another_dag.py","logger":"airflow.models.dagbag.DagBag"}
