{"timestamp":"2025-08-23T01:10:25.461684","level":"info","event":"DAG bundles loaded: dags-folder","logger":"airflow.dag_processing.bundles.manager.DagBundlesManager"}
{"timestamp":"2025-08-23T01:10:25.462164","level":"info","event":"Filling up the DagBag from /opt/airflow/dags/sftp_to_postgres_v02.py","logger":"airflow.models.dagbag.DagBag"}
{"timestamp":"2025-08-23T01:10:25.884660Z","level":"info","event":"🎯 Latest month detected: 202508","chan":"stdout","logger":"task"}
{"timestamp":"2025-08-23T01:10:25.892780","level":"info","event":"Connection Retrieved 'sftp_conn'","logger":"airflow.hooks.base"}
{"timestamp":"2025-08-23T01:10:25.893122","level":"warning","event":"No Host Key Verification. This won't protect against Man-In-The-Middle attacks","logger":"airflow.task.hooks.airflow.providers.sftp.hooks.sftp.SFTPHook"}
{"timestamp":"2025-08-23T01:10:25.979195","level":"info","event":"Connected (version 2.0, client 1.82_sshlib)","logger":"paramiko.transport"}
{"timestamp":"2025-08-23T01:10:26.144769","level":"info","event":"Auth banner: b'If you experience issues connecting to ftp2.resftp.com site please contact customer support at 866-440-7449'","logger":"paramiko.transport"}
{"timestamp":"2025-08-23T01:10:26.199064","level":"info","event":"Authentication (password) successful!","logger":"paramiko.transport"}
{"timestamp":"2025-08-23T01:10:26.296356","level":"info","event":"[chan 0] Opened sftp connection (server version 3)","logger":"paramiko.transport.sftp"}
{"timestamp":"2025-08-23T01:10:34.059713","level":"info","event":"[chan 0] sftp session closed.","logger":"paramiko.transport.sftp"}
{"timestamp":"2025-08-23T01:10:34.060687Z","level":"info","event":"✅ Downloaded Marcus&Millichap_0000757_NationwideHomeSalesReport_Delivery_20250801.zip → /tmp/sftp_downloads/Marcus&Millichap_0000757_NationwideHomeSalesReport_Delivery_20250801.zip","chan":"stdout","logger":"task"}
{"timestamp":"2025-08-23T01:10:38.010943Z","level":"info","event":"📥 Preparing to load Marcus&Millichap_0000757_NationwideHomeSalesReport_Delivery_20250801.txt → table marcus_millichap_0000757_nationwidehomesalesreport_delivery_20250801","chan":"stdout","logger":"task"}
{"timestamp":"2025-08-23T01:11:15.211624","level":"info","event":"Connection Retrieved 'DBeaver_conn'","logger":"airflow.hooks.base"}
{"timestamp":"2025-08-23T01:12:25.381479Z","level":"info","event":"✅ Bulk uploaded 1396437 rows into marcus_millichap_0000757_nationwidehomesalesreport_delivery_20250801","chan":"stdout","logger":"task"}
{"timestamp":"2025-08-23T01:12:25.432070","level":"warning","event":"No Host Key Verification. This won't protect against Man-In-The-Middle attacks","logger":"airflow.task.hooks.airflow.providers.sftp.hooks.sftp.SFTPHook"}
{"timestamp":"2025-08-23T01:12:29.566306","level":"info","event":"Connected (version 2.0, client 1.82_sshlib)","logger":"paramiko.transport"}
{"timestamp":"2025-08-23T01:12:29.894971","level":"info","event":"Auth banner: b'If you experience issues connecting to ftp2.resftp.com site please contact customer support at 866-440-7449'","logger":"paramiko.transport"}
{"timestamp":"2025-08-23T01:12:29.946800","level":"info","event":"Authentication (password) successful!","logger":"paramiko.transport"}
{"timestamp":"2025-08-23T01:12:30.053909","level":"info","event":"[chan 0] Opened sftp connection (server version 3)","logger":"paramiko.transport.sftp"}
{"timestamp":"2025-08-23T01:12:31.309165","level":"info","event":"[chan 0] sftp session closed.","logger":"paramiko.transport.sftp"}
{"timestamp":"2025-08-23T01:12:31.317288Z","level":"info","event":"✅ Downloaded MarcusMillichap_0000757_FCL_Activity_Report_20250801.zip → /tmp/sftp_downloads/MarcusMillichap_0000757_FCL_Activity_Report_20250801.zip","chan":"stdout","logger":"task"}
{"timestamp":"2025-08-23T01:12:31.598894Z","level":"info","event":"📥 Preparing to load MarcusMillichap_0000757_FCL_Activity_Report_20250801.txt → table marcusmillichap_0000757_fcl_activity_report_20250801","chan":"stdout","logger":"task"}
{"timestamp":"2025-08-23T01:13:05.156924Z","level":"info","event":"✅ Bulk uploaded 747329 rows into marcusmillichap_0000757_fcl_activity_report_20250801","chan":"stdout","logger":"task"}
{"timestamp":"2025-08-23T01:13:05.312788","level":"info","event":"Done. Returned value was: None","logger":"airflow.task.operators.airflow.providers.standard.decorators.python._PythonDecoratedOperator"}
