{"timestamp":"2025-08-22T19:08:28.522360","level":"info","event":"DAG bundles loaded: dags-folder","logger":"airflow.dag_processing.bundles.manager.DagBundlesManager"}
{"timestamp":"2025-08-22T19:08:28.522829","level":"info","event":"Filling up the DagBag from /opt/airflow/dags/sftp_to_postgres.py","logger":"airflow.models.dagbag.DagBag"}
{"timestamp":"2025-08-22T19:08:28.975973","level":"info","event":"Connection Retrieved 'sftp_conn'","logger":"airflow.hooks.base"}
{"timestamp":"2025-08-22T19:08:28.976216","level":"warning","event":"No Host Key Verification. This won't protect against Man-In-The-Middle attacks","logger":"airflow.task.hooks.airflow.providers.sftp.hooks.sftp.SFTPHook"}
{"timestamp":"2025-08-22T19:08:33.057119","level":"info","event":"Connected (version 2.0, client 1.82_sshlib)","logger":"paramiko.transport"}
{"timestamp":"2025-08-22T19:08:33.248001","level":"info","event":"Auth banner: b'If you experience issues connecting to ftp2.resftp.com site please contact customer support at 866-440-7449'","logger":"paramiko.transport"}
{"timestamp":"2025-08-22T19:08:33.312184","level":"info","event":"Authentication (password) successful!","logger":"paramiko.transport"}
{"timestamp":"2025-08-22T19:08:33.447454","level":"info","event":"[chan 0] Opened sftp connection (server version 3)","logger":"paramiko.transport.sftp"}
{"timestamp":"2025-08-22T19:08:33.619504Z","level":"info","event":"📂 Files in SFTP root directory:","chan":"stdout","logger":"task"}
{"timestamp":"2025-08-22T19:08:33.619938Z","level":"info","event":"   - Marcus&Millichap_0000757_NationwideHomeSalesReport_Delivery_20250401.zip","chan":"stdout","logger":"task"}
{"timestamp":"2025-08-22T19:08:33.620259Z","level":"info","event":"   - Marcus&Millichap_0000757_NationwideHomeSalesReport_Delivery_20250501.zip","chan":"stdout","logger":"task"}
{"timestamp":"2025-08-22T19:08:33.620517Z","level":"info","event":"   - Marcus&Millichap_0000757_NationwideHomeSalesReport_Delivery_20250602.zip","chan":"stdout","logger":"task"}
{"timestamp":"2025-08-22T19:08:33.620798Z","level":"info","event":"   - Marcus&Millichap_0000757_NationwideHomeSalesReport_Delivery_20250701.zip","chan":"stdout","logger":"task"}
{"timestamp":"2025-08-22T19:08:33.621040Z","level":"info","event":"   - Marcus&Millichap_0000757_NationwideHomeSalesReport_Delivery_20250801.zip","chan":"stdout","logger":"task"}
{"timestamp":"2025-08-22T19:08:33.621375Z","level":"info","event":"   - MarcusMillichap_0000757_FCL_Activity_Report_20250401.zip","chan":"stdout","logger":"task"}
{"timestamp":"2025-08-22T19:08:33.621658Z","level":"info","event":"   - MarcusMillichap_0000757_FCL_Activity_Report_20250501.zip","chan":"stdout","logger":"task"}
{"timestamp":"2025-08-22T19:08:33.621907Z","level":"info","event":"   - MarcusMillichap_0000757_FCL_Activity_Report_20250602.zip","chan":"stdout","logger":"task"}
{"timestamp":"2025-08-22T19:08:33.622147Z","level":"info","event":"   - MarcusMillichap_0000757_FCL_Activity_Report_20250701.zip","chan":"stdout","logger":"task"}
{"timestamp":"2025-08-22T19:08:33.622391Z","level":"info","event":"   - MarcusMillichap_0000757_FCL_Activity_Report_20250801.zip","chan":"stdout","logger":"task"}
{"timestamp":"2025-08-22T19:08:33.620035","level":"info","event":"Done. Returned value was: ['Marcus&Millichap_0000757_NationwideHomeSalesReport_Delivery_20250401.zip', 'Marcus&Millichap_0000757_NationwideHomeSalesReport_Delivery_20250501.zip', 'Marcus&Millichap_0000757_NationwideHomeSalesReport_Delivery_20250602.zip', 'Marcus&Millichap_0000757_NationwideHomeSalesReport_Delivery_20250701.zip', 'Marcus&Millichap_0000757_NationwideHomeSalesReport_Delivery_20250801.zip', 'MarcusMillichap_0000757_FCL_Activity_Report_20250401.zip', 'MarcusMillichap_0000757_FCL_Activity_Report_20250501.zip', 'MarcusMillichap_0000757_FCL_Activity_Report_20250602.zip', 'MarcusMillichap_0000757_FCL_Activity_Report_20250701.zip', 'MarcusMillichap_0000757_FCL_Activity_Report_20250801.zip']","logger":"airflow.task.operators.airflow.providers.standard.decorators.python._PythonDecoratedOperator"}
{"timestamp":"2025-08-22T19:08:33.620411","level":"info","event":"Pushing xcom","ti":"RuntimeTaskInstance(id=UUID('0198d32e-8a17-7a6b-88f7-9eeeb8b2a6bc'), task_id='list_files_in_root', dag_id='sftp_to_postgres_v01', run_id='manual__2025-08-22T19:08:19.313397+00:00', try_number=1, map_index=-1, hostname='03f97c104ec7', context_carrier={}, task=<Task(_PythonDecoratedOperator): list_files_in_root>, bundle_instance=LocalDagBundle(name=dags-folder), max_tries=0, start_date=datetime.datetime(2025, 8, 22, 19, 8, 28, 371439, tzinfo=datetime.timezone.utc), end_date=None, state=<TaskInstanceState.RUNNING: 'running'>, is_mapped=False, rendered_map_index=None, log_url='http://localhost:8080/dags/sftp_to_postgres_v01/runs/manual__2025-08-22T19%3A08%3A19.313397%2B00%3A00/tasks/list_files_in_root?try_number=1')","logger":"task"}
